2016-04-06 14:26:23,654 - [INFO] - from play in pool-64-thread-3 
Listening for HTTP on /0:0:0:0:0:0:0:0:9000

2016-04-06 14:27:31,756 - [INFO] - from play in play-internal-execution-context-1 
database [default] connected at jdbc:h2:mem:play

2016-04-06 14:27:32,223 - [ERROR] - from application in New I/O worker #1 


! @6pk132ao0 - Internal server error, for (GET) [/] ->

play.api.db.evolutions.InvalidDatabaseRevision: Database 'default' needs evolution![An SQL script need to be run on your database.]
	at play.api.db.evolutions.EvolutionsPlugin$$anonfun$onStart$1$$anonfun$apply$1.apply$mcV$sp(Evolutions.scala:510) ~[play-jdbc_2.10-2.3.4.jar:2.3.4]
	at play.api.db.evolutions.EvolutionsPlugin.withLock(Evolutions.scala:531) ~[play-jdbc_2.10-2.3.4.jar:2.3.4]
	at play.api.db.evolutions.EvolutionsPlugin$$anonfun$onStart$1.apply(Evolutions.scala:485) ~[play-jdbc_2.10-2.3.4.jar:2.3.4]
	at play.api.db.evolutions.EvolutionsPlugin$$anonfun$onStart$1.apply(Evolutions.scala:483) ~[play-jdbc_2.10-2.3.4.jar:2.3.4]
	at scala.collection.immutable.List.foreach(List.scala:318) ~[scala-library.jar:na]
	at play.api.db.evolutions.EvolutionsPlugin.onStart(Evolutions.scala:483) ~[play-jdbc_2.10-2.3.4.jar:2.3.4]
	at play.api.Play$$anonfun$start$1$$anonfun$apply$mcV$sp$1.apply(Play.scala:91) ~[play_2.10-2.3.4.jar:2.3.4]
	at play.api.Play$$anonfun$start$1$$anonfun$apply$mcV$sp$1.apply(Play.scala:91) ~[play_2.10-2.3.4.jar:2.3.4]
	at scala.collection.immutable.List.foreach(List.scala:318) ~[scala-library.jar:na]
	at play.api.Play$$anonfun$start$1.apply$mcV$sp(Play.scala:91) ~[play_2.10-2.3.4.jar:2.3.4]
	at play.api.Play$$anonfun$start$1.apply(Play.scala:91) ~[play_2.10-2.3.4.jar:2.3.4]
	at play.api.Play$$anonfun$start$1.apply(Play.scala:91) ~[play_2.10-2.3.4.jar:2.3.4]
	at play.utils.Threads$.withContextClassLoader(Threads.scala:21) ~[play_2.10-2.3.4.jar:2.3.4]
	at play.api.Play$.start(Play.scala:90) ~[play_2.10-2.3.4.jar:2.3.4]
	at play.core.ReloadableApplication$$anonfun$get$1$$anonfun$apply$1$$anonfun$1.apply(ApplicationProvider.scala:157) ~[play_2.10-2.3.4.jar:2.3.4]
	at play.core.ReloadableApplication$$anonfun$get$1$$anonfun$apply$1$$anonfun$1.apply(ApplicationProvider.scala:130) ~[play_2.10-2.3.4.jar:2.3.4]
	at scala.Option.map(Option.scala:145) ~[scala-library.jar:na]
	at play.core.ReloadableApplication$$anonfun$get$1$$anonfun$apply$1.apply(ApplicationProvider.scala:130) ~[play_2.10-2.3.4.jar:2.3.4]
	at play.core.ReloadableApplication$$anonfun$get$1$$anonfun$apply$1.apply(ApplicationProvider.scala:128) ~[play_2.10-2.3.4.jar:2.3.4]
	at scala.util.Success.flatMap(Try.scala:200) ~[scala-library.jar:na]
	at play.core.ReloadableApplication$$anonfun$get$1.apply(ApplicationProvider.scala:128) ~[play_2.10-2.3.4.jar:2.3.4]
	at play.core.ReloadableApplication$$anonfun$get$1.apply(ApplicationProvider.scala:120) ~[play_2.10-2.3.4.jar:2.3.4]
	at scala.concurrent.impl.Future$PromiseCompletingRunnable.liftedTree1$1(Future.scala:24) ~[scala-library.jar:na]
	at scala.concurrent.impl.Future$PromiseCompletingRunnable.run(Future.scala:24) ~[scala-library.jar:na]
	at scala.concurrent.forkjoin.ForkJoinTask$AdaptedRunnableAction.exec(ForkJoinTask.java:1361) ~[scala-library.jar:na]
	at scala.concurrent.forkjoin.ForkJoinTask.doExec(ForkJoinTask.java:260) ~[scala-library.jar:na]
	at scala.concurrent.forkjoin.ForkJoinPool$WorkQueue.runTask(ForkJoinPool.java:1339) ~[scala-library.jar:na]
	at scala.concurrent.forkjoin.ForkJoinPool.runWorker(ForkJoinPool.java:1979) ~[scala-library.jar:na]
	at scala.concurrent.forkjoin.ForkJoinWorkerThread.run(ForkJoinWorkerThread.java:107) ~[scala-library.jar:na]

2016-04-06 14:27:34,278 - [INFO] - from play in play-internal-execution-context-1 
database [default] connected at jdbc:h2:mem:play

2016-04-06 14:27:34,502 - [INFO] - from play in play-internal-execution-context-1 
Application started (Dev)

2016-04-06 14:27:34,582 - [INFO] - from application in play-akka.actor.default-dispatcher-3 
Loading Index Page...

2016-04-06 14:27:36,584 - [INFO] - from application in play-akka.actor.default-dispatcher-4 
Loading My Account Page...

2016-04-06 14:27:40,764 - [INFO] - from application in play-akka.actor.default-dispatcher-2 
Loading Index Page...

2016-04-06 14:28:34,197 - [ERROR] - from application in New I/O worker #2 


! @6pk135ofm - Internal server error, for (GET) [/] ->

play.PlayExceptions$CompilationException: Compilation error[error: method render in class MyAccount cannot be applied to given types;]
	at play.PlayExceptions$CompilationException$.apply(PlayExceptions.scala:27) ~[na:na]
	at play.PlayExceptions$CompilationException$.apply(PlayExceptions.scala:27) ~[na:na]
	at scala.Option.map(Option.scala:145) ~[scala-library.jar:na]
	at play.PlayReloader$$anon$1$$anonfun$play$PlayReloader$$anon$$taskFailureHandler$1.apply(PlayReloader.scala:234) ~[na:na]
	at play.PlayReloader$$anon$1$$anonfun$play$PlayReloader$$anon$$taskFailureHandler$1.apply(PlayReloader.scala:229) ~[na:na]
	at scala.Option.map(Option.scala:145) ~[scala-library.jar:na]
	at play.PlayReloader$$anon$1.play$PlayReloader$$anon$$taskFailureHandler(PlayReloader.scala:229) ~[na:na]
	at play.PlayReloader$$anon$1$$anonfun$reload$2.apply(PlayReloader.scala:89) ~[na:na]
	at play.PlayReloader$$anon$1$$anonfun$reload$2.apply(PlayReloader.scala:89) ~[na:na]
	at scala.util.Either$LeftProjection.map(Either.scala:377) ~[scala-library.jar:na]
	at play.PlayReloader$$anon$1.reload(PlayReloader.scala:89) ~[na:na]
	at play.core.ReloadableApplication$$anonfun$get$1.apply(ApplicationProvider.scala:122) ~[play_2.10-2.3.4.jar:2.3.4]
	at play.core.ReloadableApplication$$anonfun$get$1.apply(ApplicationProvider.scala:120) ~[play_2.10-2.3.4.jar:2.3.4]
	at scala.concurrent.impl.Future$PromiseCompletingRunnable.liftedTree1$1(Future.scala:24) ~[scala-library.jar:na]
	at scala.concurrent.impl.Future$PromiseCompletingRunnable.run(Future.scala:24) ~[scala-library.jar:na]
	at scala.concurrent.forkjoin.ForkJoinTask$AdaptedRunnableAction.exec(ForkJoinTask.java:1361) ~[scala-library.jar:na]
	at scala.concurrent.forkjoin.ForkJoinTask.doExec(ForkJoinTask.java:260) ~[scala-library.jar:na]
	at scala.concurrent.forkjoin.ForkJoinPool$WorkQueue.runTask(ForkJoinPool.java:1339) ~[scala-library.jar:na]
	at scala.concurrent.forkjoin.ForkJoinPool.runWorker(ForkJoinPool.java:1979) ~[scala-library.jar:na]
	at scala.concurrent.forkjoin.ForkJoinWorkerThread.run(ForkJoinWorkerThread.java:107) ~[scala-library.jar:na]

2016-04-06 14:28:42,654 - [INFO] - from play in play-internal-execution-context-1 
database [default] connected at jdbc:h2:mem:play

2016-04-06 14:28:42,857 - [INFO] - from play in play-internal-execution-context-1 
Application started (Dev)

2016-04-06 14:28:42,865 - [INFO] - from application in play-akka.actor.default-dispatcher-3 
Loading Index Page...

2016-04-06 14:29:07,023 - [INFO] - from application in play-akka.actor.default-dispatcher-10 
Loading Register Page...

2016-04-06 14:29:17,202 - [INFO] - from application in play-akka.actor.default-dispatcher-14 
Submit Register Query...

2016-04-06 14:29:17,226 - [INFO] - from application in play-akka.actor.default-dispatcher-14 
Loading Index Page...

2016-04-06 14:29:19,235 - [INFO] - from application in play-akka.actor.default-dispatcher-10 
Loading Login Page...

2016-04-06 14:29:23,641 - [INFO] - from application in play-akka.actor.default-dispatcher-16 
Submit Login Query...

2016-04-06 14:29:23,671 - [INFO] - from application in play-akka.actor.default-dispatcher-16 
Loading Index Page...

2016-04-06 14:29:25,206 - [INFO] - from application in play-akka.actor.default-dispatcher-15 
Loading My Account Page...

2016-04-06 14:30:08,789 - [INFO] - from play in play-internal-execution-context-1 
database [default] connected at jdbc:h2:mem:play

2016-04-06 14:30:08,997 - [INFO] - from play in play-internal-execution-context-1 
Application started (Dev)

2016-04-06 14:30:09,006 - [INFO] - from application in play-akka.actor.default-dispatcher-9 
Loading My Account Page...

2016-04-06 14:30:24,487 - [INFO] - from play in play-internal-execution-context-1 
database [default] connected at jdbc:h2:mem:play

2016-04-06 14:30:24,661 - [INFO] - from play in play-internal-execution-context-1 
Application started (Dev)

2016-04-06 14:30:24,672 - [INFO] - from application in play-akka.actor.default-dispatcher-9 
Loading My Account Page...

2016-04-06 14:30:24,818 - [ERROR] - from play in play-akka.actor.default-dispatcher-9 
Cannot invoke the action, eventually got an error: java.util.concurrent.ExecutionException: Boxed Error

2016-04-06 14:30:24,832 - [ERROR] - from application in play-akka.actor.default-dispatcher-9 


! @6pk13c66p - Internal server error, for (GET) [/myaccount] ->

play.api.Application$$anon$1: Execution exception[[StackOverflowError: null]]
	at play.api.Application$class.handleError(Application.scala:296) [play_2.10-2.3.4.jar:2.3.4]
	at play.api.DefaultApplication.handleError(Application.scala:402) [play_2.10-2.3.4.jar:2.3.4]
	at play.api.Application$class.handleError(Application.scala:291) [play_2.10-2.3.4.jar:2.3.4]
	at play.api.DefaultApplication.handleError(Application.scala:402) [play_2.10-2.3.4.jar:2.3.4]
	at play.core.server.netty.PlayDefaultUpstreamHandler$$anonfun$3$$anonfun$applyOrElse$4.apply(PlayDefaultUpstreamHandler.scala:320) [play_2.10-2.3.4.jar:2.3.4]
	at play.core.server.netty.PlayDefaultUpstreamHandler$$anonfun$3$$anonfun$applyOrElse$4.apply(PlayDefaultUpstreamHandler.scala:320) [play_2.10-2.3.4.jar:2.3.4]
	at scala.Option.map(Option.scala:145) [scala-library.jar:na]
	at play.core.server.netty.PlayDefaultUpstreamHandler$$anonfun$3.applyOrElse(PlayDefaultUpstreamHandler.scala:320) [play_2.10-2.3.4.jar:2.3.4]
	at play.core.server.netty.PlayDefaultUpstreamHandler$$anonfun$3.applyOrElse(PlayDefaultUpstreamHandler.scala:316) [play_2.10-2.3.4.jar:2.3.4]
	at scala.concurrent.Future$$anonfun$recoverWith$1.apply(Future.scala:344) [scala-library.jar:na]
	at scala.concurrent.Future$$anonfun$recoverWith$1.apply(Future.scala:343) [scala-library.jar:na]
	at scala.concurrent.impl.CallbackRunnable.run(Promise.scala:32) [scala-library.jar:na]
	at play.api.libs.iteratee.Execution$trampoline$.execute(Execution.scala:46) [play-iteratees_2.10-2.3.4.jar:2.3.4]
	at scala.concurrent.impl.CallbackRunnable.executeWithValue(Promise.scala:40) [scala-library.jar:na]
	at scala.concurrent.impl.Promise$DefaultPromise.tryComplete(Promise.scala:248) [scala-library.jar:na]
	at scala.concurrent.Promise$class.complete(Promise.scala:55) [scala-library.jar:na]
	at scala.concurrent.impl.Promise$DefaultPromise.complete(Promise.scala:153) [scala-library.jar:na]
	at scala.concurrent.impl.Future$PromiseCompletingRunnable.run(Future.scala:23) [scala-library.jar:na]
	at akka.dispatch.TaskInvocation.run(AbstractDispatcher.scala:41) [akka-actor_2.10-2.3.4.jar:na]
	at akka.dispatch.ForkJoinExecutorConfigurator$AkkaForkJoinTask.exec(AbstractDispatcher.scala:393) [akka-actor_2.10-2.3.4.jar:na]
	at scala.concurrent.forkjoin.ForkJoinTask.doExec(ForkJoinTask.java:260) [scala-library.jar:na]
	at scala.concurrent.forkjoin.ForkJoinPool$WorkQueue.runTask(ForkJoinPool.java:1339) [scala-library.jar:na]
	at scala.concurrent.forkjoin.ForkJoinPool.runWorker(ForkJoinPool.java:1979) [scala-library.jar:na]
	at scala.concurrent.forkjoin.ForkJoinWorkerThread.run(ForkJoinWorkerThread.java:107) [scala-library.jar:na]
Caused by: java.lang.StackOverflowError: null
	at java.lang.StringBuilder.append(StringBuilder.java:136) ~[na:1.8.0_73]
	at scala.collection.mutable.StringBuilder.<init>(StringBuilder.scala:46) ~[scala-library.jar:na]
	at scala.collection.mutable.StringBuilder.<init>(StringBuilder.scala:51) ~[scala-library.jar:na]
	at controllers.ReverseApplication.java(routes_reverseRouting.scala:125) ~[classes/:2.3.4]
	at views.html.navbar$.apply(navbar.template.scala:42) ~[classes/:na]
	at views.html.main$.apply(main.template.scala:46) ~[classes/:na]
	at views.html.updateuser$.apply(updateuser.template.scala:30) ~[classes/:na]
	at views.html.main$.apply(main.template.scala:58) ~[classes/:na]
	at views.html.updateuser$.apply(updateuser.template.scala:30) ~[classes/:na]
	at views.html.main$.apply(main.template.scala:58) ~[classes/:na]
	at views.html.updateuser$.apply(updateuser.template.scala:30) ~[classes/:na]
	at views.html.main$.apply(main.template.scala:58) ~[classes/:na]
	at views.html.updateuser$.apply(updateuser.template.scala:30) ~[classes/:na]
	at views.html.main$.apply(main.template.scala:58) ~[classes/:na]
	at views.html.updateuser$.apply(updateuser.template.scala:30) ~[classes/:na]
	at views.html.main$.apply(main.template.scala:58) ~[classes/:na]
	at views.html.updateuser$.apply(updateuser.template.scala:30) ~[classes/:na]
	at views.html.main$.apply(main.template.scala:58) ~[classes/:na]
	at views.html.updateuser$.apply(updateuser.template.scala:30) ~[classes/:na]
	at views.html.main$.apply(main.template.scala:58) ~[classes/:na]
	at views.html.updateuser$.apply(updateuser.template.scala:30) ~[classes/:na]
	at views.html.main$.apply(main.template.scala:58) ~[classes/:na]
	at views.html.updateuser$.apply(updateuser.template.scala:30) ~[classes/:na]
	at views.html.main$.apply(main.template.scala:58) ~[classes/:na]
	at views.html.updateuser$.apply(updateuser.template.scala:30) ~[classes/:na]
	at views.html.main$.apply(main.template.scala:58) ~[classes/:na]
	at views.html.updateuser$.apply(updateuser.template.scala:30) ~[classes/:na]
	at views.html.main$.apply(main.template.scala:58) ~[classes/:na]
	at views.html.updateuser$.apply(updateuser.template.scala:30) ~[classes/:na]
	at views.html.main$.apply(main.template.scala:58) ~[classes/:na]
	at views.html.updateuser$.apply(updateuser.template.scala:30) ~[classes/:na]
	at views.html.main$.apply(main.template.scala:58) ~[classes/:na]
	at views.html.updateuser$.apply(updateuser.template.scala:30) ~[classes/:na]
	at views.html.main$.apply(main.template.scala:58) ~[classes/:na]
	at views.html.updateuser$.apply(updateuser.template.scala:30) ~[classes/:na]
	at views.html.main$.apply(main.template.scala:58) ~[classes/:na]
	at views.html.updateuser$.apply(updateuser.template.scala:30) ~[classes/:na]
	at views.html.main$.apply(main.template.scala:58) ~[classes/:na]
	at views.html.updateuser$.apply(updateuser.template.scala:30) ~[classes/:na]
	at views.html.main$.apply(main.template.scala:58) ~[classes/:na]
	at views.html.updateuser$.apply(updateuser.template.scala:30) ~[classes/:na]
	at views.html.main$.apply(main.template.scala:58) ~[classes/:na]
	at views.html.updateuser$.apply(updateuser.template.scala:30) ~[classes/:na]
	at views.html.main$.apply(main.template.scala:58) ~[classes/:na]
	at views.html.updateuser$.apply(updateuser.template.scala:30) ~[classes/:na]
	at views.html.main$.apply(main.template.scala:58) ~[classes/:na]
	at views.html.updateuser$.apply(updateuser.template.scala:30) ~[classes/:na]
	at views.html.main$.apply(main.template.scala:58) ~[classes/:na]
	at views.html.updateuser$.apply(updateuser.template.scala:30) ~[classes/:na]
	at views.html.main$.apply(main.template.scala:58) ~[classes/:na]
	at views.html.updateuser$.apply(updateuser.template.scala:30) ~[classes/:na]
	at views.html.main$.apply(main.template.scala:58) ~[classes/:na]
	at views.html.updateuser$.apply(updateuser.template.scala:30) ~[classes/:na]
	at views.html.main$.apply(main.template.scala:58) ~[classes/:na]
	at views.html.updateuser$.apply(updateuser.template.scala:30) ~[classes/:na]
	at views.html.main$.apply(main.template.scala:58) ~[classes/:na]
	at views.html.updateuser$.apply(updateuser.template.scala:30) ~[classes/:na]
	at views.html.main$.apply(main.template.scala:58) ~[classes/:na]
	at views.html.updateuser$.apply(updateuser.template.scala:30) ~[classes/:na]
	at views.html.main$.apply(main.template.scala:58) ~[classes/:na]
	at views.html.updateuser$.apply(updateuser.template.scala:30) ~[classes/:na]
	at views.html.main$.apply(main.template.scala:58) ~[classes/:na]
	at views.html.updateuser$.apply(updateuser.template.scala:30) ~[classes/:na]
	at views.html.main$.apply(main.template.scala:58) ~[classes/:na]
	at views.html.updateuser$.apply(updateuser.template.scala:30) ~[classes/:na]
	at views.html.main$.apply(main.template.scala:58) ~[classes/:na]
	at views.html.updateuser$.apply(updateuser.template.scala:30) ~[classes/:na]
	at views.html.main$.apply(main.template.scala:58) ~[classes/:na]
	at views.html.updateuser$.apply(updateuser.template.scala:30) ~[classes/:na]
	at views.html.main$.apply(main.template.scala:58) ~[classes/:na]
	at views.html.updateuser$.apply(updateuser.template.scala:30) ~[classes/:na]
	at views.html.main$.apply(main.template.scala:58) ~[classes/:na]
	at views.html.updateuser$.apply(updateuser.template.scala:30) ~[classes/:na]
	at views.html.main$.apply(main.template.scala:58) ~[classes/:na]
	at views.html.updateuser$.apply(updateuser.template.scala:30) ~[classes/:na]
	at views.html.main$.apply(main.template.scala:58) ~[classes/:na]
	at views.html.updateuser$.apply(updateuser.template.scala:30) ~[classes/:na]
	at views.html.main$.apply(main.template.scala:58) ~[classes/:na]
	at views.html.updateuser$.apply(updateuser.template.scala:30) ~[classes/:na]
	at views.html.main$.apply(main.template.scala:58) ~[classes/:na]
	at views.html.updateuser$.apply(updateuser.template.scala:30) ~[classes/:na]
	at views.html.main$.apply(main.template.scala:58) ~[classes/:na]
	at views.html.updateuser$.apply(updateuser.template.scala:30) ~[classes/:na]
	at views.html.main$.apply(main.template.scala:58) ~[classes/:na]
	at views.html.updateuser$.apply(updateuser.template.scala:30) ~[classes/:na]
	at views.html.main$.apply(main.template.scala:58) ~[classes/:na]
	at views.html.updateuser$.apply(updateuser.template.scala:30) ~[classes/:na]
	at views.html.main$.apply(main.template.scala:58) ~[classes/:na]
	at views.html.updateuser$.apply(updateuser.template.scala:30) ~[classes/:na]
	at views.html.main$.apply(main.template.scala:58) ~[classes/:na]
	at views.html.updateuser$.apply(updateuser.template.scala:30) ~[classes/:na]
	at views.html.main$.apply(main.template.scala:58) ~[classes/:na]
	at views.html.updateuser$.apply(updateuser.template.scala:30) ~[classes/:na]
	at views.html.main$.apply(main.template.scala:58) ~[classes/:na]
	at views.html.updateuser$.apply(updateuser.template.scala:30) ~[classes/:na]
	at views.html.main$.apply(main.template.scala:58) ~[classes/:na]
	at views.html.updateuser$.apply(updateuser.template.scala:30) ~[classes/:na]
	at views.html.main$.apply(main.template.scala:58) ~[classes/:na]
	at views.html.updateuser$.apply(updateuser.template.scala:30) ~[classes/:na]
	at views.html.main$.apply(main.template.scala:58) ~[classes/:na]
	at views.html.updateuser$.apply(updateuser.template.scala:30) ~[classes/:na]
	at views.html.main$.apply(main.template.scala:58) ~[classes/:na]
	at views.html.updateuser$.apply(updateuser.template.scala:30) ~[classes/:na]
	at views.html.main$.apply(main.template.scala:58) ~[classes/:na]
	at views.html.updateuser$.apply(updateuser.template.scala:30) ~[classes/:na]
	at views.html.main$.apply(main.template.scala:58) ~[classes/:na]
	at views.html.updateuser$.apply(updateuser.template.scala:30) ~[classes/:na]
	at views.html.main$.apply(main.template.scala:58) ~[classes/:na]
	at views.html.updateuser$.apply(updateuser.template.scala:30) ~[classes/:na]
	at views.html.main$.apply(main.template.scala:58) ~[classes/:na]
	at views.html.updateuser$.apply(updateuser.template.scala:30) ~[classes/:na]
	at views.html.main$.apply(main.template.scala:58) ~[classes/:na]
	at views.html.updateuser$.apply(updateuser.template.scala:30) ~[classes/:na]
	at views.html.main$.apply(main.template.scala:58) ~[classes/:na]
	at views.html.updateuser$.apply(updateuser.template.scala:30) ~[classes/:na]
	at views.html.main$.apply(main.template.scala:58) ~[classes/:na]
	at views.html.updateuser$.apply(updateuser.template.scala:30) ~[classes/:na]
	at views.html.main$.apply(main.template.scala:58) ~[classes/:na]
	at views.html.updateuser$.apply(updateuser.template.scala:30) ~[classes/:na]
	at views.html.main$.apply(main.template.scala:58) ~[classes/:na]
	at views.html.updateuser$.apply(updateuser.template.scala:30) ~[classes/:na]
	at views.html.main$.apply(main.template.scala:58) ~[classes/:na]
	at views.html.updateuser$.apply(updateuser.template.scala:30) ~[classes/:na]
	at views.html.main$.apply(main.template.scala:58) ~[classes/:na]
	at views.html.updateuser$.apply(updateuser.template.scala:30) ~[classes/:na]
	at views.html.main$.apply(main.template.scala:58) ~[classes/:na]
	at views.html.updateuser$.apply(updateuser.template.scala:30) ~[classes/:na]
	at views.html.main$.apply(main.template.scala:58) ~[classes/:na]
	at views.html.updateuser$.apply(updateuser.template.scala:30) ~[classes/:na]
	at views.html.main$.apply(main.template.scala:58) ~[classes/:na]
	at views.html.updateuser$.apply(updateuser.template.scala:30) ~[classes/:na]
	at views.html.main$.apply(main.template.scala:58) ~[classes/:na]
	at views.html.updateuser$.apply(updateuser.template.scala:30) ~[classes/:na]
	at views.html.main$.apply(main.template.scala:58) ~[classes/:na]
	at views.html.updateuser$.apply(updateuser.template.scala:30) ~[classes/:na]
	at views.html.main$.apply(main.template.scala:58) ~[classes/:na]
	at views.html.updateuser$.apply(updateuser.template.scala:30) ~[classes/:na]
	at views.html.main$.apply(main.template.scala:58) ~[classes/:na]
	at views.html.updateuser$.apply(updateuser.template.scala:30) ~[classes/:na]
	at views.html.main$.apply(main.template.scala:58) ~[classes/:na]
	at views.html.updateuser$.apply(updateuser.template.scala:30) ~[classes/:na]
	at views.html.main$.apply(main.template.scala:58) ~[classes/:na]
	at views.html.updateuser$.apply(updateuser.template.scala:30) ~[classes/:na]
	at views.html.main$.apply(main.template.scala:58) ~[classes/:na]
	at views.html.updateuser$.apply(updateuser.template.scala:30) ~[classes/:na]
	at views.html.main$.apply(main.template.scala:58) ~[classes/:na]
	at views.html.updateuser$.apply(updateuser.template.scala:30) ~[classes/:na]
	at views.html.main$.apply(main.template.scala:58) ~[classes/:na]
	at views.html.updateuser$.apply(updateuser.template.scala:30) ~[classes/:na]
	at views.html.main$.apply(main.template.scala:58) ~[classes/:na]
	at views.html.updateuser$.apply(updateuser.template.scala:30) ~[classes/:na]
	at views.html.main$.apply(main.template.scala:58) ~[classes/:na]
	at views.html.updateuser$.apply(updateuser.template.scala:30) ~[classes/:na]
	at views.html.main$.apply(main.template.scala:58) ~[classes/:na]
	at views.html.updateuser$.apply(updateuser.template.scala:30) ~[classes/:na]
	at views.html.main$.apply(main.template.scala:58) ~[classes/:na]
	at views.html.updateuser$.apply(updateuser.template.scala:30) ~[classes/:na]
	at views.html.main$.apply(main.template.scala:58) ~[classes/:na]
	at views.html.updateuser$.apply(updateuser.template.scala:30) ~[classes/:na]
	at views.html.main$.apply(main.template.scala:58) ~[classes/:na]
	at views.html.updateuser$.apply(updateuser.template.scala:30) ~[classes/:na]
	at views.html.main$.apply(main.template.scala:58) ~[classes/:na]
	at views.html.updateuser$.apply(updateuser.template.scala:30) ~[classes/:na]
	at views.html.main$.apply(main.template.scala:58) ~[classes/:na]
	at views.html.updateuser$.apply(updateuser.template.scala:30) ~[classes/:na]
	at views.html.main$.apply(main.template.scala:58) ~[classes/:na]
	at views.html.updateuser$.apply(updateuser.template.scala:30) ~[classes/:na]
	at views.html.main$.apply(main.template.scala:58) ~[classes/:na]
	at views.html.updateuser$.apply(updateuser.template.scala:30) ~[classes/:na]
	at views.html.main$.apply(main.template.scala:58) ~[classes/:na]
	at views.html.updateuser$.apply(updateuser.template.scala:30) ~[classes/:na]
	at views.html.main$.apply(main.template.scala:58) ~[classes/:na]
	at views.html.updateuser$.apply(updateuser.template.scala:30) ~[classes/:na]
	at views.html.main$.apply(main.template.scala:58) ~[classes/:na]
	at views.html.updateuser$.apply(updateuser.template.scala:30) ~[classes/:na]
	at views.html.main$.apply(main.template.scala:58) ~[classes/:na]
	at views.html.updateuser$.apply(updateuser.template.scala:30) ~[classes/:na]
	at views.html.main$.apply(main.template.scala:58) ~[classes/:na]
	at views.html.updateuser$.apply(updateuser.template.scala:30) ~[classes/:na]
	at views.html.main$.apply(main.template.scala:58) ~[classes/:na]
	at views.html.updateuser$.apply(updateuser.template.scala:30) ~[classes/:na]
	at views.html.main$.apply(main.template.scala:58) ~[classes/:na]
	at views.html.updateuser$.apply(updateuser.template.scala:30) ~[classes/:na]
	at views.html.main$.apply(main.template.scala:58) ~[classes/:na]
	at views.html.updateuser$.apply(updateuser.template.scala:30) ~[classes/:na]
	at views.html.main$.apply(main.template.scala:58) ~[classes/:na]
	at views.html.updateuser$.apply(updateuser.template.scala:30) ~[classes/:na]
	at views.html.main$.apply(main.template.scala:58) ~[classes/:na]
	at views.html.updateuser$.apply(updateuser.template.scala:30) ~[classes/:na]
	at views.html.main$.apply(main.template.scala:58) ~[classes/:na]
	at views.html.updateuser$.apply(updateuser.template.scala:30) ~[classes/:na]
	at views.html.main$.apply(main.template.scala:58) ~[classes/:na]
	at views.html.updateuser$.apply(updateuser.template.scala:30) ~[classes/:na]
	at views.html.main$.apply(main.template.scala:58) ~[classes/:na]
	at views.html.updateuser$.apply(updateuser.template.scala:30) ~[classes/:na]
	at views.html.main$.apply(main.template.scala:58) ~[classes/:na]
	at views.html.updateuser$.apply(updateuser.template.scala:30) ~[classes/:na]
	at views.html.main$.apply(main.template.scala:58) ~[classes/:na]
	at views.html.updateuser$.apply(updateuser.template.scala:30) ~[classes/:na]
	at views.html.main$.apply(main.template.scala:58) ~[classes/:na]
	at views.html.updateuser$.apply(updateuser.template.scala:30) ~[classes/:na]
	at views.html.main$.apply(main.template.scala:58) ~[classes/:na]
	at views.html.updateuser$.apply(updateuser.template.scala:30) ~[classes/:na]
	at views.html.main$.apply(main.template.scala:58) ~[classes/:na]
	at views.html.updateuser$.apply(updateuser.template.scala:30) ~[classes/:na]
	at views.html.main$.apply(main.template.scala:58) ~[classes/:na]
	at views.html.updateuser$.apply(updateuser.template.scala:30) ~[classes/:na]
	at views.html.main$.apply(main.template.scala:58) ~[classes/:na]
	at views.html.updateuser$.apply(updateuser.template.scala:30) ~[classes/:na]
	at views.html.main$.apply(main.template.scala:58) ~[classes/:na]
	at views.html.updateuser$.apply(updateuser.template.scala:30) ~[classes/:na]
	at views.html.main$.apply(main.template.scala:58) ~[classes/:na]
	at views.html.updateuser$.apply(updateuser.template.scala:30) ~[classes/:na]
	at views.html.main$.apply(main.template.scala:58) ~[classes/:na]
	at views.html.updateuser$.apply(updateuser.template.scala:30) ~[classes/:na]
	at views.html.main$.apply(main.template.scala:58) ~[classes/:na]
	at views.html.updateuser$.apply(updateuser.template.scala:30) ~[classes/:na]
	at views.html.main$.apply(main.template.scala:58) ~[classes/:na]
	at views.html.updateuser$.apply(updateuser.template.scala:30) ~[classes/:na]
	at views.html.main$.apply(main.template.scala:58) ~[classes/:na]
	at views.html.updateuser$.apply(updateuser.template.scala:30) ~[classes/:na]
	at views.html.main$.apply(main.template.scala:58) ~[classes/:na]
	at views.html.updateuser$.apply(updateuser.template.scala:30) ~[classes/:na]
	at views.html.main$.apply(main.template.scala:58) ~[classes/:na]
	at views.html.updateuser$.apply(updateuser.template.scala:30) ~[classes/:na]
	at views.html.main$.apply(main.template.scala:58) ~[classes/:na]
	at views.html.updateuser$.apply(updateuser.template.scala:30) ~[classes/:na]
	at views.html.main$.apply(main.template.scala:58) ~[classes/:na]
	at views.html.updateuser$.apply(updateuser.template.scala:30) ~[classes/:na]
	at views.html.main$.apply(main.template.scala:58) ~[classes/:na]
	at views.html.updateuser$.apply(updateuser.template.scala:30) ~[classes/:na]
	at views.html.main$.apply(main.template.scala:58) ~[classes/:na]
	at views.html.updateuser$.apply(updateuser.template.scala:30) ~[classes/:na]
	at views.html.main$.apply(main.template.scala:58) ~[classes/:na]
	at views.html.updateuser$.apply(updateuser.template.scala:30) ~[classes/:na]
	at views.html.main$.apply(main.template.scala:58) ~[classes/:na]
	at views.html.updateuser$.apply(updateuser.template.scala:30) ~[classes/:na]
	at views.html.main$.apply(main.template.scala:58) ~[classes/:na]
	at views.html.updateuser$.apply(updateuser.template.scala:30) ~[classes/:na]
	at views.html.main$.apply(main.template.scala:58) ~[classes/:na]
	at views.html.updateuser$.apply(updateuser.template.scala:30) ~[classes/:na]
	at views.html.main$.apply(main.template.scala:58) ~[classes/:na]
	at views.html.updateuser$.apply(updateuser.template.scala:30) ~[classes/:na]
	at views.html.main$.apply(main.template.scala:58) ~[classes/:na]
	at views.html.updateuser$.apply(updateuser.template.scala:30) ~[classes/:na]
	at views.html.main$.apply(main.template.scala:58) ~[classes/:na]
	at views.html.updateuser$.apply(updateuser.template.scala:30) ~[classes/:na]
	at views.html.main$.apply(main.template.scala:58) ~[classes/:na]
	at views.html.updateuser$.apply(updateuser.template.scala:30) ~[classes/:na]
	at views.html.main$.apply(main.template.scala:58) ~[classes/:na]
	at views.html.updateuser$.apply(updateuser.template.scala:30) ~[classes/:na]
	at views.html.main$.apply(main.template.scala:58) ~[classes/:na]
	at views.html.updateuser$.apply(updateuser.template.scala:30) ~[classes/:na]
	at views.html.main$.apply(main.template.scala:58) ~[classes/:na]
	at views.html.updateuser$.apply(updateuser.template.scala:30) ~[classes/:na]
	at views.html.main$.apply(main.template.scala:58) ~[classes/:na]
	at views.html.updateuser$.apply(updateuser.template.scala:30) ~[classes/:na]
	at views.html.main$.apply(main.template.scala:58) ~[classes/:na]
	at views.html.updateuser$.apply(updateuser.template.scala:30) ~[classes/:na]
	at views.html.main$.apply(main.template.scala:58) ~[classes/:na]
	at views.html.updateuser$.apply(updateuser.template.scala:30) ~[classes/:na]
	at views.html.main$.apply(main.template.scala:58) ~[classes/:na]
	at views.html.updateuser$.apply(updateuser.template.scala:30) ~[classes/:na]
	at views.html.main$.apply(main.template.scala:58) ~[classes/:na]
	at views.html.updateuser$.apply(updateuser.template.scala:30) ~[classes/:na]
	at views.html.main$.apply(main.template.scala:58) ~[classes/:na]
	at views.html.updateuser$.apply(updateuser.template.scala:30) ~[classes/:na]
	at views.html.main$.apply(main.template.scala:58) ~[classes/:na]
	at views.html.updateuser$.apply(updateuser.template.scala:30) ~[classes/:na]
	at views.html.main$.apply(main.template.scala:58) ~[classes/:na]
	at views.html.updateuser$.apply(updateuser.template.scala:30) ~[classes/:na]
	at views.html.main$.apply(main.template.scala:58) ~[classes/:na]
	at views.html.updateuser$.apply(updateuser.template.scala:30) ~[classes/:na]
	at views.html.main$.apply(main.template.scala:58) ~[classes/:na]
	at views.html.updateuser$.apply(updateuser.template.scala:30) ~[classes/:na]
	at views.html.main$.apply(main.template.scala:58) ~[classes/:na]
	at views.html.updateuser$.apply(updateuser.template.scala:30) ~[classes/:na]
	at views.html.main$.apply(main.template.scala:58) ~[classes/:na]
	at views.html.updateuser$.apply(updateuser.template.scala:30) ~[classes/:na]
	at views.html.main$.apply(main.template.scala:58) ~[classes/:na]
	at views.html.updateuser$.apply(updateuser.template.scala:30) ~[classes/:na]
	at views.html.main$.apply(main.template.scala:58) ~[classes/:na]
	at views.html.updateuser$.apply(updateuser.template.scala:30) ~[classes/:na]
	at views.html.main$.apply(main.template.scala:58) ~[classes/:na]
	at views.html.updateuser$.apply(updateuser.template.scala:30) ~[classes/:na]
	at views.html.main$.apply(main.template.scala:58) ~[classes/:na]
	at views.html.updateuser$.apply(updateuser.template.scala:30) ~[classes/:na]
	at views.html.main$.apply(main.template.scala:58) ~[classes/:na]
	at views.html.updateuser$.apply(updateuser.template.scala:30) ~[classes/:na]
	at views.html.main$.apply(main.template.scala:58) ~[classes/:na]
	at views.html.updateuser$.apply(updateuser.template.scala:30) ~[classes/:na]
	at views.html.main$.apply(main.template.scala:58) ~[classes/:na]
	at views.html.updateuser$.apply(updateuser.template.scala:30) ~[classes/:na]
	at views.html.main$.apply(main.template.scala:58) ~[classes/:na]
	at views.html.updateuser$.apply(updateuser.template.scala:30) ~[classes/:na]
	at views.html.main$.apply(main.template.scala:58) ~[classes/:na]
	at views.html.updateuser$.apply(updateuser.template.scala:30) ~[classes/:na]
	at views.html.main$.apply(main.template.scala:58) ~[classes/:na]
	at views.html.updateuser$.apply(updateuser.template.scala:30) ~[classes/:na]
	at views.html.main$.apply(main.template.scala:58) ~[classes/:na]
	at views.html.updateuser$.apply(updateuser.template.scala:30) ~[classes/:na]
	at views.html.main$.apply(main.template.scala:58) ~[classes/:na]
	at views.html.updateuser$.apply(updateuser.template.scala:30) ~[classes/:na]
	at views.html.main$.apply(main.template.scala:58) ~[classes/:na]
	at views.html.updateuser$.apply(updateuser.template.scala:30) ~[classes/:na]
	at views.html.main$.apply(main.template.scala:58) ~[classes/:na]
	at views.html.updateuser$.apply(updateuser.template.scala:30) ~[classes/:na]
	at views.html.main$.apply(main.template.scala:58) ~[classes/:na]
	at views.html.updateuser$.apply(updateuser.template.scala:30) ~[classes/:na]
	at views.html.main$.apply(main.template.scala:58) ~[classes/:na]
	at views.html.updateuser$.apply(updateuser.template.scala:30) ~[classes/:na]
	at views.html.main$.apply(main.template.scala:58) ~[classes/:na]
	at views.html.updateuser$.apply(updateuser.template.scala:30) ~[classes/:na]
	at views.html.main$.apply(main.template.scala:58) ~[classes/:na]
	at views.html.updateuser$.apply(updateuser.template.scala:30) ~[classes/:na]
	at views.html.main$.apply(main.template.scala:58) ~[classes/:na]
	at views.html.updateuser$.apply(updateuser.template.scala:30) ~[classes/:na]
	at views.html.main$.apply(main.template.scala:58) ~[classes/:na]
	at views.html.updateuser$.apply(updateuser.template.scala:30) ~[classes/:na]
	at views.html.main$.apply(main.template.scala:58) ~[classes/:na]
	at views.html.updateuser$.apply(updateuser.template.scala:30) ~[classes/:na]
	at views.html.main$.apply(main.template.scala:58) ~[classes/:na]
	at views.html.updateuser$.apply(updateuser.template.scala:30) ~[classes/:na]
	at views.html.main$.apply(main.template.scala:58) ~[classes/:na]
	at views.html.updateuser$.apply(updateuser.template.scala:30) ~[classes/:na]
	at views.html.main$.apply(main.template.scala:58) ~[classes/:na]
	at views.html.updateuser$.apply(updateuser.template.scala:30) ~[classes/:na]
	at views.html.main$.apply(main.template.scala:58) ~[classes/:na]
	at views.html.updateuser$.apply(updateuser.template.scala:30) ~[classes/:na]
	at views.html.main$.apply(main.template.scala:58) ~[classes/:na]
	at views.html.updateuser$.apply(updateuser.template.scala:30) ~[classes/:na]
	at views.html.main$.apply(main.template.scala:58) ~[classes/:na]
	at views.html.updateuser$.apply(updateuser.template.scala:30) ~[classes/:na]
	at views.html.main$.apply(main.template.scala:58) ~[classes/:na]
	at views.html.updateuser$.apply(updateuser.template.scala:30) ~[classes/:na]
	at views.html.main$.apply(main.template.scala:58) ~[classes/:na]
	at views.html.updateuser$.apply(updateuser.template.scala:30) ~[classes/:na]
	at views.html.main$.apply(main.template.scala:58) ~[classes/:na]
	at views.html.updateuser$.apply(updateuser.template.scala:30) ~[classes/:na]
	at views.html.main$.apply(main.template.scala:58) ~[classes/:na]
	at views.html.updateuser$.apply(updateuser.template.scala:30) ~[classes/:na]
	at views.html.main$.apply(main.template.scala:58) ~[classes/:na]
	at views.html.updateuser$.apply(updateuser.template.scala:30) ~[classes/:na]
	at views.html.main$.apply(main.template.scala:58) ~[classes/:na]
	at views.html.updateuser$.apply(updateuser.template.scala:30) ~[classes/:na]
	at views.html.main$.apply(main.template.scala:58) ~[classes/:na]
	at views.html.updateuser$.apply(updateuser.template.scala:30) ~[classes/:na]
	at views.html.main$.apply(main.template.scala:58) ~[classes/:na]
	at views.html.updateuser$.apply(updateuser.template.scala:30) ~[classes/:na]
	at views.html.main$.apply(main.template.scala:58) ~[classes/:na]
	at views.html.updateuser$.apply(updateuser.template.scala:30) ~[classes/:na]
	at views.html.main$.apply(main.template.scala:58) ~[classes/:na]
	at views.html.updateuser$.apply(updateuser.template.scala:30) ~[classes/:na]
	at views.html.main$.apply(main.template.scala:58) ~[classes/:na]
	at views.html.updateuser$.apply(updateuser.template.scala:30) ~[classes/:na]
	at views.html.main$.apply(main.template.scala:58) ~[classes/:na]
	at views.html.updateuser$.apply(updateuser.template.scala:30) ~[classes/:na]
	at views.html.main$.apply(main.template.scala:58) ~[classes/:na]
	at views.html.updateuser$.apply(updateuser.template.scala:30) ~[classes/:na]
	at views.html.main$.apply(main.template.scala:58) ~[classes/:na]
	at views.html.updateuser$.apply(updateuser.template.scala:30) ~[classes/:na]
	at views.html.main$.apply(main.template.scala:58) ~[classes/:na]
	at views.html.updateuser$.apply(updateuser.template.scala:30) ~[classes/:na]
	at views.html.main$.apply(main.template.scala:58) ~[classes/:na]
	at views.html.updateuser$.apply(updateuser.template.scala:30) ~[classes/:na]
	at views.html.main$.apply(main.template.scala:58) ~[classes/:na]
	at views.html.updateuser$.apply(updateuser.template.scala:30) ~[classes/:na]
	at views.html.main$.apply(main.template.scala:58) ~[classes/:na]
	at views.html.updateuser$.apply(updateuser.template.scala:30) ~[classes/:na]
	at views.html.main$.apply(main.template.scala:58) ~[classes/:na]
	at views.html.updateuser$.apply(updateuser.template.scala:30) ~[classes/:na]
	at views.html.main$.apply(main.template.scala:58) ~[classes/:na]
	at views.html.updateuser$.apply(updateuser.template.scala:30) ~[classes/:na]
	at views.html.main$.apply(main.template.scala:58) ~[classes/:na]
	at views.html.updateuser$.apply(updateuser.template.scala:30) ~[classes/:na]
	at views.html.main$.apply(main.template.scala:58) ~[classes/:na]
	at views.html.updateuser$.apply(updateuser.template.scala:30) ~[classes/:na]
	at views.html.main$.apply(main.template.scala:58) ~[classes/:na]
	at views.html.updateuser$.apply(updateuser.template.scala:30) ~[classes/:na]
	at views.html.main$.apply(main.template.scala:58) ~[classes/:na]
	at views.html.updateuser$.apply(updateuser.template.scala:30) ~[classes/:na]
	at views.html.main$.apply(main.template.scala:58) ~[classes/:na]
	at views.html.updateuser$.apply(updateuser.template.scala:30) ~[classes/:na]
	at views.html.main$.apply(main.template.scala:58) ~[classes/:na]
	at views.html.updateuser$.apply(updateuser.template.scala:30) ~[classes/:na]
	at views.html.main$.apply(main.template.scala:58) ~[classes/:na]
	at views.html.updateuser$.apply(updateuser.template.scala:30) ~[classes/:na]
	at views.html.main$.apply(main.template.scala:58) ~[classes/:na]
	at views.html.updateuser$.apply(updateuser.template.scala:30) ~[classes/:na]
	at views.html.main$.apply(main.template.scala:58) ~[classes/:na]
	at views.html.updateuser$.apply(updateuser.template.scala:30) ~[classes/:na]
	at views.html.main$.apply(main.template.scala:58) ~[classes/:na]
	at views.html.updateuser$.apply(updateuser.template.scala:30) ~[classes/:na]
	at views.html.main$.apply(main.template.scala:58) ~[classes/:na]
	at views.html.updateuser$.apply(updateuser.template.scala:30) ~[classes/:na]
	at views.html.main$.apply(main.template.scala:58) ~[classes/:na]
	at views.html.updateuser$.apply(updateuser.template.scala:30) ~[classes/:na]
	at views.html.main$.apply(main.template.scala:58) ~[classes/:na]
	at views.html.updateuser$.apply(updateuser.template.scala:30) ~[classes/:na]
	at views.html.main$.apply(main.template.scala:58) ~[classes/:na]
	at views.html.updateuser$.apply(updateuser.template.scala:30) ~[classes/:na]
	at views.html.main$.apply(main.template.scala:58) ~[classes/:na]
	at views.html.updateuser$.apply(updateuser.template.scala:30) ~[classes/:na]
	at views.html.main$.apply(main.template.scala:58) ~[classes/:na]
	at views.html.updateuser$.apply(updateuser.template.scala:30) ~[classes/:na]
	at views.html.main$.apply(main.template.scala:58) ~[classes/:na]
	at views.html.updateuser$.apply(updateuser.template.scala:30) ~[classes/:na]
	at views.html.main$.apply(main.template.scala:58) ~[classes/:na]
	at views.html.updateuser$.apply(updateuser.template.scala:30) ~[classes/:na]
	at views.html.main$.apply(main.template.scala:58) ~[classes/:na]
	at views.html.updateuser$.apply(updateuser.template.scala:30) ~[classes/:na]
	at views.html.main$.apply(main.template.scala:58) ~[classes/:na]
	at views.html.updateuser$.apply(updateuser.template.scala:30) ~[classes/:na]
	at views.html.main$.apply(main.template.scala:58) ~[classes/:na]
	at views.html.updateuser$.apply(updateuser.template.scala:30) ~[classes/:na]
	at views.html.main$.apply(main.template.scala:58) ~[classes/:na]
	at views.html.updateuser$.apply(updateuser.template.scala:30) ~[classes/:na]
	at views.html.main$.apply(main.template.scala:58) ~[classes/:na]
	at views.html.updateuser$.apply(updateuser.template.scala:30) ~[classes/:na]
	at views.html.main$.apply(main.template.scala:58) ~[classes/:na]
	at views.html.updateuser$.apply(updateuser.template.scala:30) ~[classes/:na]
	at views.html.main$.apply(main.template.scala:58) ~[classes/:na]
	at views.html.updateuser$.apply(updateuser.template.scala:30) ~[classes/:na]
	at views.html.main$.apply(main.template.scala:58) ~[classes/:na]
	at views.html.updateuser$.apply(updateuser.template.scala:30) ~[classes/:na]
	at views.html.main$.apply(main.template.scala:58) ~[classes/:na]
	at views.html.updateuser$.apply(updateuser.template.scala:30) ~[classes/:na]
	at views.html.main$.apply(main.template.scala:58) ~[classes/:na]
	at views.html.updateuser$.apply(updateuser.template.scala:30) ~[classes/:na]
	at views.html.main$.apply(main.template.scala:58) ~[classes/:na]
	at views.html.updateuser$.apply(updateuser.template.scala:30) ~[classes/:na]
	at views.html.main$.apply(main.template.scala:58) ~[classes/:na]
	at views.html.updateuser$.apply(updateuser.template.scala:30) ~[classes/:na]
	at views.html.main$.apply(main.template.scala:58) ~[classes/:na]
	at views.html.updateuser$.apply(updateuser.template.scala:30) ~[classes/:na]
	at views.html.main$.apply(main.template.scala:58) ~[classes/:na]
	at views.html.updateuser$.apply(updateuser.template.scala:30) ~[classes/:na]
	at views.html.main$.apply(main.template.scala:58) ~[classes/:na]
	at views.html.updateuser$.apply(updateuser.template.scala:30) ~[classes/:na]
	at views.html.main$.apply(main.template.scala:58) ~[classes/:na]
	at views.html.updateuser$.apply(updateuser.template.scala:30) ~[classes/:na]
	at views.html.main$.apply(main.template.scala:58) ~[classes/:na]
	at views.html.updateuser$.apply(updateuser.template.scala:30) ~[classes/:na]
	at views.html.main$.apply(main.template.scala:58) ~[classes/:na]
	at views.html.updateuser$.apply(updateuser.template.scala:30) ~[classes/:na]
	at views.html.main$.apply(main.template.scala:58) ~[classes/:na]
	at views.html.updateuser$.apply(updateuser.template.scala:30) ~[classes/:na]
	at views.html.main$.apply(main.template.scala:58) ~[classes/:na]
	at views.html.updateuser$.apply(updateuser.template.scala:30) ~[classes/:na]
	at views.html.main$.apply(main.template.scala:58) ~[classes/:na]
	at views.html.updateuser$.apply(updateuser.template.scala:30) ~[classes/:na]
	at views.html.main$.apply(main.template.scala:58) ~[classes/:na]
	at views.html.updateuser$.apply(updateuser.template.scala:30) ~[classes/:na]
	at views.html.main$.apply(main.template.scala:58) ~[classes/:na]
	at views.html.updateuser$.apply(updateuser.template.scala:30) ~[classes/:na]
	at views.html.main$.apply(main.template.scala:58) ~[classes/:na]
	at views.html.updateuser$.apply(updateuser.template.scala:30) ~[classes/:na]
	at views.html.main$.apply(main.template.scala:58) ~[classes/:na]
	at views.html.updateuser$.apply(updateuser.template.scala:30) ~[classes/:na]
	at views.html.main$.apply(main.template.scala:58) ~[classes/:na]
	at views.html.updateuser$.apply(updateuser.template.scala:30) ~[classes/:na]
	at views.html.main$.apply(main.template.scala:58) ~[classes/:na]
	at views.html.updateuser$.apply(updateuser.template.scala:30) ~[classes/:na]
	at views.html.main$.apply(main.template.scala:58) ~[classes/:na]
	at views.html.updateuser$.apply(updateuser.template.scala:30) ~[classes/:na]
	at views.html.main$.apply(main.template.scala:58) ~[classes/:na]
	at views.html.updateuser$.apply(updateuser.template.scala:30) ~[classes/:na]
	at views.html.main$.apply(main.template.scala:58) ~[classes/:na]
	at views.html.updateuser$.apply(updateuser.template.scala:30) ~[classes/:na]
	at views.html.main$.apply(main.template.scala:58) ~[classes/:na]
	at views.html.updateuser$.apply(updateuser.template.scala:30) ~[classes/:na]
	at views.html.main$.apply(main.template.scala:58) ~[classes/:na]
	at views.html.updateuser$.apply(updateuser.template.scala:30) ~[classes/:na]
	at views.html.main$.apply(main.template.scala:58) ~[classes/:na]
	at views.html.updateuser$.apply(updateuser.template.scala:30) ~[classes/:na]
	at views.html.main$.apply(main.template.scala:58) ~[classes/:na]
	at views.html.updateuser$.apply(updateuser.template.scala:30) ~[classes/:na]
	at views.html.main$.apply(main.template.scala:58) ~[classes/:na]
	at views.html.updateuser$.apply(updateuser.template.scala:30) ~[classes/:na]
	at views.html.main$.apply(main.template.scala:58) ~[classes/:na]
	at views.html.updateuser$.apply(updateuser.template.scala:30) ~[classes/:na]
	at views.html.main$.apply(main.template.scala:58) ~[classes/:na]
	at views.html.updateuser$.apply(updateuser.template.scala:30) ~[classes/:na]
	at views.html.main$.apply(main.template.scala:58) ~[classes/:na]
	at views.html.updateuser$.apply(updateuser.template.scala:30) ~[classes/:na]
	at views.html.main$.apply(main.template.scala:58) ~[classes/:na]
	at views.html.updateuser$.apply(updateuser.template.scala:30) ~[classes/:na]
	at views.html.main$.apply(main.template.scala:58) ~[classes/:na]
	at views.html.updateuser$.apply(updateuser.template.scala:30) ~[classes/:na]
	at views.html.main$.apply(main.template.scala:58) ~[classes/:na]
	at views.html.updateuser$.apply(updateuser.template.scala:30) ~[classes/:na]
	at views.html.main$.apply(main.template.scala:58) ~[classes/:na]
	at views.html.updateuser$.apply(updateuser.template.scala:30) ~[classes/:na]
	at views.html.main$.apply(main.template.scala:58) ~[classes/:na]
	at views.html.updateuser$.apply(updateuser.template.scala:30) ~[classes/:na]
	at views.html.main$.apply(main.template.scala:58) ~[classes/:na]
	at views.html.updateuser$.apply(updateuser.template.scala:30) ~[classes/:na]
	at views.html.main$.apply(main.template.scala:58) ~[classes/:na]
	at views.html.updateuser$.apply(updateuser.template.scala:30) ~[classes/:na]
	at views.html.main$.apply(main.template.scala:58) ~[classes/:na]
	at views.html.updateuser$.apply(updateuser.template.scala:30) ~[classes/:na]
	at views.html.main$.apply(main.template.scala:58) ~[classes/:na]
	at views.html.updateuser$.apply(updateuser.template.scala:30) ~[classes/:na]
	at views.html.main$.apply(main.template.scala:58) ~[classes/:na]
	at views.html.updateuser$.apply(updateuser.template.scala:30) ~[classes/:na]
	at views.html.main$.apply(main.template.scala:58) ~[classes/:na]
	at views.html.updateuser$.apply(updateuser.template.scala:30) ~[classes/:na]
	at views.html.main$.apply(main.template.scala:58) ~[classes/:na]
	at views.html.updateuser$.apply(updateuser.template.scala:30) ~[classes/:na]
	at views.html.main$.apply(main.template.scala:58) ~[classes/:na]
	at views.html.updateuser$.apply(updateuser.template.scala:30) ~[classes/:na]
	at views.html.main$.apply(main.template.scala:58) ~[classes/:na]
	at views.html.updateuser$.apply(updateuser.template.scala:30) ~[classes/:na]
	at views.html.main$.apply(main.template.scala:58) ~[classes/:na]
	at views.html.updateuser$.apply(updateuser.template.scala:30) ~[classes/:na]
	at views.html.main$.apply(main.template.scala:58) ~[classes/:na]
	at views.html.updateuser$.apply(updateuser.template.scala:30) ~[classes/:na]
	at views.html.main$.apply(main.template.scala:58) ~[classes/:na]
	at views.html.updateuser$.apply(updateuser.template.scala:30) ~[classes/:na]
	at views.html.main$.apply(main.template.scala:58) ~[classes/:na]
	at views.html.updateuser$.apply(updateuser.template.scala:30) ~[classes/:na]
	at views.html.main$.apply(main.template.scala:58) ~[classes/:na]
	at views.html.updateuser$.apply(updateuser.template.scala:30) ~[classes/:na]
	at views.html.main$.apply(main.template.scala:58) ~[classes/:na]
	at views.html.updateuser$.apply(updateuser.template.scala:30) ~[classes/:na]
	at views.html.main$.apply(main.template.scala:58) ~[classes/:na]
	at views.html.updateuser$.apply(updateuser.template.scala:30) ~[classes/:na]
	at views.html.main$.apply(main.template.scala:58) ~[classes/:na]
	at views.html.updateuser$.apply(updateuser.template.scala:30) ~[classes/:na]
	at views.html.main$.apply(main.template.scala:58) ~[classes/:na]
	at views.html.updateuser$.apply(updateuser.template.scala:30) ~[classes/:na]
	at views.html.main$.apply(main.template.scala:58) ~[classes/:na]
	at views.html.updateuser$.apply(updateuser.template.scala:30) ~[classes/:na]
	at views.html.main$.apply(main.template.scala:58) ~[classes/:na]
	at views.html.updateuser$.apply(updateuser.template.scala:30) ~[classes/:na]
	at views.html.main$.apply(main.template.scala:58) ~[classes/:na]
	at views.html.updateuser$.apply(updateuser.template.scala:30) ~[classes/:na]
	at views.html.main$.apply(main.template.scala:58) ~[classes/:na]
	at views.html.updateuser$.apply(updateuser.template.scala:30) ~[classes/:na]
	at views.html.main$.apply(main.template.scala:58) ~[classes/:na]
	at views.html.updateuser$.apply(updateuser.template.scala:30) ~[classes/:na]
	at views.html.main$.apply(main.template.scala:58) ~[classes/:na]
	at views.html.updateuser$.apply(updateuser.template.scala:30) ~[classes/:na]
	at views.html.main$.apply(main.template.scala:58) ~[classes/:na]
	at views.html.updateuser$.apply(updateuser.template.scala:30) ~[classes/:na]
	at views.html.main$.apply(main.template.scala:58) ~[classes/:na]
	at views.html.updateuser$.apply(updateuser.template.scala:30) ~[classes/:na]
	at views.html.main$.apply(main.template.scala:58) ~[classes/:na]
	at views.html.updateuser$.apply(updateuser.template.scala:30) ~[classes/:na]
	at views.html.main$.apply(main.template.scala:58) ~[classes/:na]
	at views.html.updateuser$.apply(updateuser.template.scala:30) ~[classes/:na]
	at views.html.main$.apply(main.template.scala:58) ~[classes/:na]
	at views.html.updateuser$.apply(updateuser.template.scala:30) ~[classes/:na]
	at views.html.main$.apply(main.template.scala:58) ~[classes/:na]
	at views.html.updateuser$.apply(updateuser.template.scala:30) ~[classes/:na]
	at views.html.main$.apply(main.template.scala:58) ~[classes/:na]
	at views.html.updateuser$.apply(updateuser.template.scala:30) ~[classes/:na]
	at views.html.main$.apply(main.template.scala:58) ~[classes/:na]
	at views.html.updateuser$.apply(updateuser.template.scala:30) ~[classes/:na]
	at views.html.main$.apply(main.template.scala:58) ~[classes/:na]
	at views.html.updateuser$.apply(updateuser.template.scala:30) ~[classes/:na]
	at views.html.main$.apply(main.template.scala:58) ~[classes/:na]
	at views.html.updateuser$.apply(updateuser.template.scala:30) ~[classes/:na]
	at views.html.main$.apply(main.template.scala:58) ~[classes/:na]
	at views.html.updateuser$.apply(updateuser.template.scala:30) ~[classes/:na]
	at views.html.main$.apply(main.template.scala:58) ~[classes/:na]
	at views.html.updateuser$.apply(updateuser.template.scala:30) ~[classes/:na]
	at views.html.main$.apply(main.template.scala:58) ~[classes/:na]
	at views.html.updateuser$.apply(updateuser.template.scala:30) ~[classes/:na]
	at views.html.main$.apply(main.template.scala:58) ~[classes/:na]
	at views.html.updateuser$.apply(updateuser.template.scala:30) ~[classes/:na]
	at views.html.main$.apply(main.template.scala:58) ~[classes/:na]
	at views.html.updateuser$.apply(updateuser.template.scala:30) ~[classes/:na]
	at views.html.main$.apply(main.template.scala:58) ~[classes/:na]
	at views.html.updateuser$.apply(updateuser.template.scala:30) ~[classes/:na]
	at views.html.main$.apply(main.template.scala:58) ~[classes/:na]
	at views.html.updateuser$.apply(updateuser.template.scala:30) ~[classes/:na]
	at views.html.main$.apply(main.template.scala:58) ~[classes/:na]
	at views.html.updateuser$.apply(updateuser.template.scala:30) ~[classes/:na]
	at views.html.main$.apply(main.template.scala:58) ~[classes/:na]
	at views.html.updateuser$.apply(updateuser.template.scala:30) ~[classes/:na]
	at views.html.main$.apply(main.template.scala:58) ~[classes/:na]
	at views.html.updateuser$.apply(updateuser.template.scala:30) ~[classes/:na]
	at views.html.main$.apply(main.template.scala:58) ~[classes/:na]
	at views.html.updateuser$.apply(updateuser.template.scala:30) ~[classes/:na]
	at views.html.main$.apply(main.template.scala:58) ~[classes/:na]
	at views.html.updateuser$.apply(updateuser.template.scala:30) ~[classes/:na]
	at views.html.main$.apply(main.template.scala:58) ~[classes/:na]
	at views.html.updateuser$.apply(updateuser.template.scala:30) ~[classes/:na]
	at views.html.main$.apply(main.template.scala:58) ~[classes/:na]
	at views.html.updateuser$.apply(updateuser.template.scala:30) ~[classes/:na]
	at views.html.main$.apply(main.template.scala:58) ~[classes/:na]
	at views.html.updateuser$.apply(updateuser.template.scala:30) ~[classes/:na]
	at views.html.main$.apply(main.template.scala:58) ~[classes/:na]
	at views.html.updateuser$.apply(updateuser.template.scala:30) ~[classes/:na]
	at views.html.main$.apply(main.template.scala:58) ~[classes/:na]
	at views.html.updateuser$.apply(updateuser.template.scala:30) ~[classes/:na]
	at views.html.main$.apply(main.template.scala:58) ~[classes/:na]
	at views.html.updateuser$.apply(updateuser.template.scala:30) ~[classes/:na]
	at views.html.main$.apply(main.template.scala:58) ~[classes/:na]
	at views.html.updateuser$.apply(updateuser.template.scala:30) ~[classes/:na]
	at views.html.main$.apply(main.template.scala:58) ~[classes/:na]
	at views.html.updateuser$.apply(updateuser.template.scala:30) ~[classes/:na]
	at views.html.main$.apply(main.template.scala:58) ~[classes/:na]
	at views.html.updateuser$.apply(updateuser.template.scala:30) ~[classes/:na]
	at views.html.main$.apply(main.template.scala:58) ~[classes/:na]
	at views.html.updateuser$.apply(updateuser.template.scala:30) ~[classes/:na]
	at views.html.main$.apply(main.template.scala:58) ~[classes/:na]
	at views.html.updateuser$.apply(updateuser.template.scala:30) ~[classes/:na]
	at views.html.main$.apply(main.template.scala:58) ~[classes/:na]
	at views.html.updateuser$.apply(updateuser.template.scala:30) ~[classes/:na]
	at views.html.main$.apply(main.template.scala:58) ~[classes/:na]
	at views.html.updateuser$.apply(updateuser.template.scala:30) ~[classes/:na]
	at views.html.main$.apply(main.template.scala:58) ~[classes/:na]
	at views.html.updateuser$.apply(updateuser.template.scala:30) ~[classes/:na]
	at views.html.main$.apply(main.template.scala:58) ~[classes/:na]
	at views.html.updateuser$.apply(updateuser.template.scala:30) ~[classes/:na]
	at views.html.main$.apply(main.template.scala:58) ~[classes/:na]
	at views.html.updateuser$.apply(updateuser.template.scala:30) ~[classes/:na]
	at views.html.main$.apply(main.template.scala:58) ~[classes/:na]
	at views.html.updateuser$.apply(updateuser.template.scala:30) ~[classes/:na]
	at views.html.main$.apply(main.template.scala:58) ~[classes/:na]
	at views.html.updateuser$.apply(updateuser.template.scala:30) ~[classes/:na]
	at views.html.main$.apply(main.template.scala:58) ~[classes/:na]
	at views.html.updateuser$.apply(updateuser.template.scala:30) ~[classes/:na]
	at views.html.main$.apply(main.template.scala:58) ~[classes/:na]
	at views.html.updateuser$.apply(updateuser.template.scala:30) ~[classes/:na]
	at views.html.main$.apply(main.template.scala:58) ~[classes/:na]
	at views.html.updateuser$.apply(updateuser.template.scala:30) ~[classes/:na]
	at views.html.main$.apply(main.template.scala:58) ~[classes/:na]
	at views.html.updateuser$.apply(updateuser.template.scala:30) ~[classes/:na]
	at views.html.main$.apply(main.template.scala:58) ~[classes/:na]
	at views.html.updateuser$.apply(updateuser.template.scala:30) ~[classes/:na]
	at views.html.main$.apply(main.template.scala:58) ~[classes/:na]
	at views.html.updateuser$.apply(updateuser.template.scala:30) ~[classes/:na]
	at views.html.main$.apply(main.template.scala:58) ~[classes/:na]
	at views.html.updateuser$.apply(updateuser.template.scala:30) ~[classes/:na]
	at views.html.main$.apply(main.template.scala:58) ~[classes/:na]
	at views.html.updateuser$.apply(updateuser.template.scala:30) ~[classes/:na]
	at views.html.main$.apply(main.template.scala:58) ~[classes/:na]
	at views.html.updateuser$.apply(updateuser.template.scala:30) ~[classes/:na]
	at views.html.main$.apply(main.template.scala:58) ~[classes/:na]
	at views.html.updateuser$.apply(updateuser.template.scala:30) ~[classes/:na]
	at views.html.main$.apply(main.template.scala:58) ~[classes/:na]
	at views.html.updateuser$.apply(updateuser.template.scala:30) ~[classes/:na]
	at views.html.main$.apply(main.template.scala:58) ~[classes/:na]
	at views.html.updateuser$.apply(updateuser.template.scala:30) ~[classes/:na]
	at views.html.main$.apply(main.template.scala:58) ~[classes/:na]
	at views.html.updateuser$.apply(updateuser.template.scala:30) ~[classes/:na]
	at views.html.main$.apply(main.template.scala:58) ~[classes/:na]
	at views.html.updateuser$.apply(updateuser.template.scala:30) ~[classes/:na]
	at views.html.main$.apply(main.template.scala:58) ~[classes/:na]
	at views.html.updateuser$.apply(updateuser.template.scala:30) ~[classes/:na]
	at views.html.main$.apply(main.template.scala:58) ~[classes/:na]
	at views.html.updateuser$.apply(updateuser.template.scala:30) ~[classes/:na]
	at views.html.main$.apply(main.template.scala:58) ~[classes/:na]
	at views.html.updateuser$.apply(updateuser.template.scala:30) ~[classes/:na]
	at views.html.main$.apply(main.template.scala:58) ~[classes/:na]
	at views.html.updateuser$.apply(updateuser.template.scala:30) ~[classes/:na]
	at views.html.main$.apply(main.template.scala:58) ~[classes/:na]
	at views.html.updateuser$.apply(updateuser.template.scala:30) ~[classes/:na]
	at views.html.main$.apply(main.template.scala:58) ~[classes/:na]
	at views.html.updateuser$.apply(updateuser.template.scala:30) ~[classes/:na]
	at views.html.main$.apply(main.template.scala:58) ~[classes/:na]
	at views.html.updateuser$.apply(updateuser.template.scala:30) ~[classes/:na]
	at views.html.main$.apply(main.template.scala:58) ~[classes/:na]
	at views.html.updateuser$.apply(updateuser.template.scala:30) ~[classes/:na]
	at views.html.main$.apply(main.template.scala:58) ~[classes/:na]
	at views.html.updateuser$.apply(updateuser.template.scala:30) ~[classes/:na]
	at views.html.main$.apply(main.template.scala:58) ~[classes/:na]
	at views.html.updateuser$.apply(updateuser.template.scala:30) ~[classes/:na]
	at views.html.main$.apply(main.template.scala:58) ~[classes/:na]
	at views.html.updateuser$.apply(updateuser.template.scala:30) ~[classes/:na]
	at views.html.main$.apply(main.template.scala:58) ~[classes/:na]
	at views.html.updateuser$.apply(updateuser.template.scala:30) ~[classes/:na]
	at views.html.main$.apply(main.template.scala:58) ~[classes/:na]
	at views.html.updateuser$.apply(updateuser.template.scala:30) ~[classes/:na]
	at views.html.main$.apply(main.template.scala:58) ~[classes/:na]
	at views.html.updateuser$.apply(updateuser.template.scala:30) ~[classes/:na]
	at views.html.main$.apply(main.template.scala:58) ~[classes/:na]
	at views.html.updateuser$.apply(updateuser.template.scala:30) ~[classes/:na]
	at views.html.main$.apply(main.template.scala:58) ~[classes/:na]
	at views.html.updateuser$.apply(updateuser.template.scala:30) ~[classes/:na]
	at views.html.main$.apply(main.template.scala:58) ~[classes/:na]
	at views.html.updateuser$.apply(updateuser.template.scala:30) ~[classes/:na]
	at views.html.main$.apply(main.template.scala:58) ~[classes/:na]
	at views.html.updateuser$.apply(updateuser.template.scala:30) ~[classes/:na]
	at views.html.main$.apply(main.template.scala:58) ~[classes/:na]
	at views.html.updateuser$.apply(updateuser.template.scala:30) ~[classes/:na]
	at views.html.main$.apply(main.template.scala:58) ~[classes/:na]
	at views.html.updateuser$.apply(updateuser.template.scala:30) ~[classes/:na]
	at views.html.main$.apply(main.template.scala:58) ~[classes/:na]
	at views.html.updateuser$.apply(updateuser.template.scala:30) ~[classes/:na]
	at views.html.main$.apply(main.template.scala:58) ~[classes/:na]
	at views.html.updateuser$.apply(updateuser.template.scala:30) ~[classes/:na]
	at views.html.main$.apply(main.template.scala:58) ~[classes/:na]
	at views.html.updateuser$.apply(updateuser.template.scala:30) ~[classes/:na]
	at views.html.main$.apply(main.template.scala:58) ~[classes/:na]
	at views.html.updateuser$.apply(updateuser.template.scala:30) ~[classes/:na]
	at views.html.main$.apply(main.template.scala:58) ~[classes/:na]
	at views.html.updateuser$.apply(updateuser.template.scala:30) ~[classes/:na]
	at views.html.main$.apply(main.template.scala:58) ~[classes/:na]
	at views.html.updateuser$.apply(updateuser.template.scala:30) ~[classes/:na]
	at views.html.main$.apply(main.template.scala:58) ~[classes/:na]
	at views.html.updateuser$.apply(updateuser.template.scala:30) ~[classes/:na]
	at views.html.main$.apply(main.template.scala:58) ~[classes/:na]
	at views.html.updateuser$.apply(updateuser.template.scala:30) ~[classes/:na]
	at views.html.main$.apply(main.template.scala:58) ~[classes/:na]
	at views.html.updateuser$.apply(updateuser.template.scala:30) ~[classes/:na]
	at views.html.main$.apply(main.template.scala:58) ~[classes/:na]
	at views.html.updateuser$.apply(updateuser.template.scala:30) ~[classes/:na]
	at views.html.main$.apply(main.template.scala:58) ~[classes/:na]
	at views.html.updateuser$.apply(updateuser.template.scala:30) ~[classes/:na]
	at views.html.main$.apply(main.template.scala:58) ~[classes/:na]
	at views.html.updateuser$.apply(updateuser.template.scala:30) ~[classes/:na]
	at views.html.main$.apply(main.template.scala:58) ~[classes/:na]
	at views.html.updateuser$.apply(updateuser.template.scala:30) ~[classes/:na]
	at views.html.main$.apply(main.template.scala:58) ~[classes/:na]
	at views.html.updateuser$.apply(updateuser.template.scala:30) ~[classes/:na]
	at views.html.main$.apply(main.template.scala:58) ~[classes/:na]
	at views.html.updateuser$.apply(updateuser.template.scala:30) ~[classes/:na]
	at views.html.main$.apply(main.template.scala:58) ~[classes/:na]
	at views.html.updateuser$.apply(updateuser.template.scala:30) ~[classes/:na]
	at views.html.main$.apply(main.template.scala:58) ~[classes/:na]
	at views.html.updateuser$.apply(updateuser.template.scala:30) ~[classes/:na]
	at views.html.main$.apply(main.template.scala:58) ~[classes/:na]
	at views.html.updateuser$.apply(updateuser.template.scala:30) ~[classes/:na]
	at views.html.main$.apply(main.template.scala:58) ~[classes/:na]
	at views.html.updateuser$.apply(updateuser.template.scala:30) ~[classes/:na]
	at views.html.main$.apply(main.template.scala:58) ~[classes/:na]
	at views.html.updateuser$.apply(updateuser.template.scala:30) ~[classes/:na]
	at views.html.main$.apply(main.template.scala:58) ~[classes/:na]
	at views.html.updateuser$.apply(updateuser.template.scala:30) ~[classes/:na]
	at views.html.main$.apply(main.template.scala:58) ~[classes/:na]
	at views.html.updateuser$.apply(updateuser.template.scala:30) ~[classes/:na]
	at views.html.main$.apply(main.template.scala:58) ~[classes/:na]
	at views.html.updateuser$.apply(updateuser.template.scala:30) ~[classes/:na]
	at views.html.main$.apply(main.template.scala:58) ~[classes/:na]
	at views.html.updateuser$.apply(updateuser.template.scala:30) ~[classes/:na]
	at views.html.main$.apply(main.template.scala:58) ~[classes/:na]
	at views.html.updateuser$.apply(updateuser.template.scala:30) ~[classes/:na]
	at views.html.main$.apply(main.template.scala:58) ~[classes/:na]
	at views.html.updateuser$.apply(updateuser.template.scala:30) ~[classes/:na]
	at views.html.main$.apply(main.template.scala:58) ~[classes/:na]
	at views.html.updateuser$.apply(updateuser.template.scala:30) ~[classes/:na]
	at views.html.main$.apply(main.template.scala:58) ~[classes/:na]
	at views.html.updateuser$.apply(updateuser.template.scala:30) ~[classes/:na]
	at views.html.main$.apply(main.template.scala:58) ~[classes/:na]
	at views.html.updateuser$.apply(updateuser.template.scala:30) ~[classes/:na]
	at views.html.main$.apply(main.template.scala:58) ~[classes/:na]
	at views.html.updateuser$.apply(updateuser.template.scala:30) ~[classes/:na]
	at views.html.main$.apply(main.template.scala:58) ~[classes/:na]
	at views.html.updateuser$.apply(updateuser.template.scala:30) ~[classes/:na]
	at views.html.main$.apply(main.template.scala:58) ~[classes/:na]
	at views.html.updateuser$.apply(updateuser.template.scala:30) ~[classes/:na]
	at views.html.main$.apply(main.template.scala:58) ~[classes/:na]
	at views.html.updateuser$.apply(updateuser.template.scala:30) ~[classes/:na]
	at views.html.main$.apply(main.template.scala:58) ~[classes/:na]
	at views.html.updateuser$.apply(updateuser.template.scala:30) ~[classes/:na]
	at views.html.main$.apply(main.template.scala:58) ~[classes/:na]
	at views.html.updateuser$.apply(updateuser.template.scala:30) ~[classes/:na]
	at views.html.main$.apply(main.template.scala:58) ~[classes/:na]
	at views.html.updateuser$.apply(updateuser.template.scala:30) ~[classes/:na]
	at views.html.main$.apply(main.template.scala:58) ~[classes/:na]
	at views.html.updateuser$.apply(updateuser.template.scala:30) ~[classes/:na]
	at views.html.main$.apply(main.template.scala:58) ~[classes/:na]
	at views.html.updateuser$.apply(updateuser.template.scala:30) ~[classes/:na]
	at views.html.main$.apply(main.template.scala:58) ~[classes/:na]
	at views.html.updateuser$.apply(updateuser.template.scala:30) ~[classes/:na]
	at views.html.main$.apply(main.template.scala:58) ~[classes/:na]
	at views.html.updateuser$.apply(updateuser.template.scala:30) ~[classes/:na]
	at views.html.main$.apply(main.template.scala:58) ~[classes/:na]
	at views.html.updateuser$.apply(updateuser.template.scala:30) ~[classes/:na]
	at views.html.main$.apply(main.template.scala:58) ~[classes/:na]
	at views.html.updateuser$.apply(updateuser.template.scala:30) ~[classes/:na]
	at views.html.main$.apply(main.template.scala:58) ~[classes/:na]
	at views.html.updateuser$.apply(updateuser.template.scala:30) ~[classes/:na]
	at views.html.main$.apply(main.template.scala:58) ~[classes/:na]
	at views.html.updateuser$.apply(updateuser.template.scala:30) ~[classes/:na]
	at views.html.main$.apply(main.template.scala:58) ~[classes/:na]
	at views.html.updateuser$.apply(updateuser.template.scala:30) ~[classes/:na]
	at views.html.main$.apply(main.template.scala:58) ~[classes/:na]
	at views.html.updateuser$.apply(updateuser.template.scala:30) ~[classes/:na]
	at views.html.main$.apply(main.template.scala:58) ~[classes/:na]
	at views.html.updateuser$.apply(updateuser.template.scala:30) ~[classes/:na]
	at views.html.main$.apply(main.template.scala:58) ~[classes/:na]
	at views.html.updateuser$.apply(updateuser.template.scala:30) ~[classes/:na]
	at views.html.main$.apply(main.template.scala:58) ~[classes/:na]
	at views.html.updateuser$.apply(updateuser.template.scala:30) ~[classes/:na]
	at views.html.main$.apply(main.template.scala:58) ~[classes/:na]
	at views.html.updateuser$.apply(updateuser.template.scala:30) ~[classes/:na]
	at views.html.main$.apply(main.template.scala:58) ~[classes/:na]
	at views.html.updateuser$.apply(updateuser.template.scala:30) ~[classes/:na]
	at views.html.main$.apply(main.template.scala:58) ~[classes/:na]
	at views.html.updateuser$.apply(updateuser.template.scala:30) ~[classes/:na]
	at views.html.main$.apply(main.template.scala:58) ~[classes/:na]
	at views.html.updateuser$.apply(updateuser.template.scala:30) ~[classes/:na]
	at views.html.main$.apply(main.template.scala:58) ~[classes/:na]
	at views.html.updateuser$.apply(updateuser.template.scala:30) ~[classes/:na]
	at views.html.main$.apply(main.template.scala:58) ~[classes/:na]
	at views.html.updateuser$.apply(updateuser.template.scala:30) ~[classes/:na]
	at views.html.main$.apply(main.template.scala:58) ~[classes/:na]
	at views.html.updateuser$.apply(updateuser.template.scala:30) ~[classes/:na]
	at views.html.main$.apply(main.template.scala:58) ~[classes/:na]
	at views.html.updateuser$.apply(updateuser.template.scala:30) ~[classes/:na]
	at views.html.main$.apply(main.template.scala:58) ~[classes/:na]
	at views.html.updateuser$.apply(updateuser.template.scala:30) ~[classes/:na]
	at views.html.main$.apply(main.template.scala:58) ~[classes/:na]
	at views.html.updateuser$.apply(updateuser.template.scala:30) ~[classes/:na]
	at views.html.main$.apply(main.template.scala:58) ~[classes/:na]
	at views.html.updateuser$.apply(updateuser.template.scala:30) ~[classes/:na]
	at views.html.main$.apply(main.template.scala:58) ~[classes/:na]
	at views.html.updateuser$.apply(updateuser.template.scala:30) ~[classes/:na]
	at views.html.main$.apply(main.template.scala:58) ~[classes/:na]
	at views.html.updateuser$.apply(updateuser.template.scala:30) ~[classes/:na]
	at views.html.main$.apply(main.template.scala:58) ~[classes/:na]
	at views.html.updateuser$.apply(updateuser.template.scala:30) ~[classes/:na]
	at views.html.main$.apply(main.template.scala:58) ~[classes/:na]
	at views.html.updateuser$.apply(updateuser.template.scala:30) ~[classes/:na]
	at views.html.main$.apply(main.template.scala:58) ~[classes/:na]
	at views.html.updateuser$.apply(updateuser.template.scala:30) ~[classes/:na]
	at views.html.main$.apply(main.template.scala:58) ~[classes/:na]
	at views.html.updateuser$.apply(updateuser.template.scala:30) ~[classes/:na]
	at views.html.main$.apply(main.template.scala:58) ~[classes/:na]
	at views.html.updateuser$.apply(updateuser.template.scala:30) ~[classes/:na]
	at views.html.main$.apply(main.template.scala:58) ~[classes/:na]
	at views.html.updateuser$.apply(updateuser.template.scala:30) ~[classes/:na]
	at views.html.main$.apply(main.template.scala:58) ~[classes/:na]
	at views.html.updateuser$.apply(updateuser.template.scala:30) ~[classes/:na]
	at views.html.main$.apply(main.template.scala:58) ~[classes/:na]
	at views.html.updateuser$.apply(updateuser.template.scala:30) ~[classes/:na]
	at views.html.main$.apply(main.template.scala:58) ~[classes/:na]
	at views.html.updateuser$.apply(updateuser.template.scala:30) ~[classes/:na]
	at views.html.main$.apply(main.template.scala:58) ~[classes/:na]
	at views.html.updateuser$.apply(updateuser.template.scala:30) ~[classes/:na]
	at views.html.main$.apply(main.template.scala:58) ~[classes/:na]
	at views.html.updateuser$.apply(updateuser.template.scala:30) ~[classes/:na]
	at views.html.main$.apply(main.template.scala:58) ~[classes/:na]
	at views.html.updateuser$.apply(updateuser.template.scala:30) ~[classes/:na]
	at views.html.main$.apply(main.template.scala:58) ~[classes/:na]
	at views.html.updateuser$.apply(updateuser.template.scala:30) ~[classes/:na]
	at views.html.main$.apply(main.template.scala:58) ~[classes/:na]
	at views.html.updateuser$.apply(updateuser.template.scala:30) ~[classes/:na]
	at views.html.main$.apply(main.template.scala:58) ~[classes/:na]
	at views.html.updateuser$.apply(updateuser.template.scala:30) ~[classes/:na]
	at views.html.main$.apply(main.template.scala:58) ~[classes/:na]
	at views.html.updateuser$.apply(updateuser.template.scala:30) ~[classes/:na]
	at views.html.main$.apply(main.template.scala:58) ~[classes/:na]
	at views.html.updateuser$.apply(updateuser.template.scala:30) ~[classes/:na]
	at views.html.main$.apply(main.template.scala:58) ~[classes/:na]
	at views.html.updateuser$.apply(updateuser.template.scala:30) ~[classes/:na]
	at views.html.main$.apply(main.template.scala:58) ~[classes/:na]
	at views.html.updateuser$.apply(updateuser.template.scala:30) ~[classes/:na]
	at views.html.main$.apply(main.template.scala:58) ~[classes/:na]
	at views.html.updateuser$.apply(updateuser.template.scala:30) ~[classes/:na]
	at views.html.main$.apply(main.template.scala:58) ~[classes/:na]
	at views.html.updateuser$.apply(updateuser.template.scala:30) ~[classes/:na]
	at views.html.main$.apply(main.template.scala:58) ~[classes/:na]
	at views.html.updateuser$.apply(updateuser.template.scala:30) ~[classes/:na]
	at views.html.main$.apply(main.template.scala:58) ~[classes/:na]
	at views.html.updateuser$.apply(updateuser.template.scala:30) ~[classes/:na]
	at views.html.main$.apply(main.template.scala:58) ~[classes/:na]
	at views.html.updateuser$.apply(updateuser.template.scala:30) ~[classes/:na]
	at views.html.main$.apply(main.template.scala:58) ~[classes/:na]
	at views.html.updateuser$.apply(updateuser.template.scala:30) ~[classes/:na]
	at views.html.main$.apply(main.template.scala:58) ~[classes/:na]
	at views.html.updateuser$.apply(updateuser.template.scala:30) ~[classes/:na]
	at views.html.main$.apply(main.template.scala:58) ~[classes/:na]
	at views.html.updateuser$.apply(updateuser.template.scala:30) ~[classes/:na]
	at views.html.main$.apply(main.template.scala:58) ~[classes/:na]
	at views.html.updateuser$.apply(updateuser.template.scala:30) ~[classes/:na]
	at views.html.main$.apply(main.template.scala:58) ~[classes/:na]
	at views.html.updateuser$.apply(updateuser.template.scala:30) ~[classes/:na]
	at views.html.main$.apply(main.template.scala:58) ~[classes/:na]
	at views.html.updateuser$.apply(updateuser.template.scala:30) ~[classes/:na]
	at views.html.main$.apply(main.template.scala:58) ~[classes/:na]
	at views.html.updateuser$.apply(updateuser.template.scala:30) ~[classes/:na]
	at views.html.main$.apply(main.template.scala:58) ~[classes/:na]
	at views.html.updateuser$.apply(updateuser.template.scala:30) ~[classes/:na]
	at views.html.main$.apply(main.template.scala:58) ~[classes/:na]
	at views.html.updateuser$.apply(updateuser.template.scala:30) ~[classes/:na]
	at views.html.main$.apply(main.template.scala:58) ~[classes/:na]
	at views.html.updateuser$.apply(updateuser.template.scala:30) ~[classes/:na]
	at views.html.main$.apply(main.template.scala:58) ~[classes/:na]
	at views.html.updateuser$.apply(updateuser.template.scala:30) ~[classes/:na]
	at views.html.main$.apply(main.template.scala:58) ~[classes/:na]
	at views.html.updateuser$.apply(updateuser.template.scala:30) ~[classes/:na]
	at views.html.main$.apply(main.template.scala:58) ~[classes/:na]
	at views.html.updateuser$.apply(updateuser.template.scala:30) ~[classes/:na]
	at views.html.main$.apply(main.template.scala:58) ~[classes/:na]
	at views.html.updateuser$.apply(updateuser.template.scala:30) ~[classes/:na]
	at views.html.main$.apply(main.template.scala:58) ~[classes/:na]
	at views.html.updateuser$.apply(updateuser.template.scala:30) ~[classes/:na]
	at views.html.main$.apply(main.template.scala:58) ~[classes/:na]
	at views.html.updateuser$.apply(updateuser.template.scala:30) ~[classes/:na]
	at views.html.main$.apply(main.template.scala:58) ~[classes/:na]
	at views.html.updateuser$.apply(updateuser.template.scala:30) ~[classes/:na]
	at views.html.main$.apply(main.template.scala:58) ~[classes/:na]
	at views.html.updateuser$.apply(updateuser.template.scala:30) ~[classes/:na]
	at views.html.main$.apply(main.template.scala:58) ~[classes/:na]
	at views.html.updateuser$.apply(updateuser.template.scala:30) ~[classes/:na]
	at views.html.main$.apply(main.template.scala:58) ~[classes/:na]
	at views.html.updateuser$.apply(updateuser.template.scala:30) ~[classes/:na]
	at views.html.main$.apply(main.template.scala:58) ~[classes/:na]
	at views.html.updateuser$.apply(updateuser.template.scala:30) ~[classes/:na]
	at views.html.main$.apply(main.template.scala:58) ~[classes/:na]
	at views.html.updateuser$.apply(updateuser.template.scala:30) ~[classes/:na]
	at views.html.main$.apply(main.template.scala:58) ~[classes/:na]
	at views.html.updateuser$.apply(updateuser.template.scala:30) ~[classes/:na]
	at views.html.main$.apply(main.template.scala:58) ~[classes/:na]
	at views.html.updateuser$.apply(updateuser.template.scala:30) ~[classes/:na]
	at views.html.main$.apply(main.template.scala:58) ~[classes/:na]
	at views.html.updateuser$.apply(updateuser.template.scala:30) ~[classes/:na]
	at views.html.main$.apply(main.template.scala:58) ~[classes/:na]
	at views.html.updateuser$.apply(updateuser.template.scala:30) ~[classes/:na]
	at views.html.main$.apply(main.template.scala:58) ~[classes/:na]
	at views.html.updateuser$.apply(updateuser.template.scala:30) ~[classes/:na]
	at views.html.main$.apply(main.template.scala:58) ~[classes/:na]
	at views.html.updateuser$.apply(updateuser.template.scala:30) ~[classes/:na]
	at views.html.main$.apply(main.template.scala:58) ~[classes/:na]
	at views.html.updateuser$.apply(updateuser.template.scala:30) ~[classes/:na]
	at views.html.main$.apply(main.template.scala:58) ~[classes/:na]
	at views.html.updateuser$.apply(updateuser.template.scala:30) ~[classes/:na]
	at views.html.main$.apply(main.template.scala:58) ~[classes/:na]
	at views.html.updateuser$.apply(updateuser.template.scala:30) ~[classes/:na]
	at views.html.main$.apply(main.template.scala:58) ~[classes/:na]
	at views.html.updateuser$.apply(updateuser.template.scala:30) ~[classes/:na]
	at views.html.main$.apply(main.template.scala:58) ~[classes/:na]
	at views.html.updateuser$.apply(updateuser.template.scala:30) ~[classes/:na]
	at views.html.main$.apply(main.template.scala:58) ~[classes/:na]
	at views.html.updateuser$.apply(updateuser.template.scala:30) ~[classes/:na]
	at views.html.main$.apply(main.template.scala:58) ~[classes/:na]
	at views.html.updateuser$.apply(updateuser.template.scala:30) ~[classes/:na]
	at views.html.main$.apply(main.template.scala:58) ~[classes/:na]
	at views.html.updateuser$.apply(updateuser.template.scala:30) ~[classes/:na]
	at views.html.main$.apply(main.template.scala:58) ~[classes/:na]
	at views.html.updateuser$.apply(updateuser.template.scala:30) ~[classes/:na]
	at views.html.main$.apply(main.template.scala:58) ~[classes/:na]
	at views.html.updateuser$.apply(updateuser.template.scala:30) ~[classes/:na]
	at views.html.main$.apply(main.template.scala:58) ~[classes/:na]
	at views.html.updateuser$.apply(updateuser.template.scala:30) ~[classes/:na]
	at views.html.main$.apply(main.template.scala:58) ~[classes/:na]
	at views.html.updateuser$.apply(updateuser.template.scala:30) ~[classes/:na]
	at views.html.main$.apply(main.template.scala:58) ~[classes/:na]
	at views.html.updateuser$.apply(updateuser.template.scala:30) ~[classes/:na]
	at views.html.main$.apply(main.template.scala:58) ~[classes/:na]
	at views.html.updateuser$.apply(updateuser.template.scala:30) ~[classes/:na]
	at views.html.main$.apply(main.template.scala:58) ~[classes/:na]
	at views.html.updateuser$.apply(updateuser.template.scala:30) ~[classes/:na]
	at views.html.main$.apply(main.template.scala:58) ~[classes/:na]
	at views.html.updateuser$.apply(updateuser.template.scala:30) ~[classes/:na]
	at views.html.main$.apply(main.template.scala:58) ~[classes/:na]
	at views.html.updateuser$.apply(updateuser.template.scala:30) ~[classes/:na]
	at views.html.main$.apply(main.template.scala:58) ~[classes/:na]
	at views.html.updateuser$.apply(updateuser.template.scala:30) ~[classes/:na]
	at views.html.main$.apply(main.template.scala:58) ~[classes/:na]
	at views.html.updateuser$.apply(updateuser.template.scala:30) ~[classes/:na]
	at views.html.main$.apply(main.template.scala:58) ~[classes/:na]
	at views.html.updateuser$.apply(updateuser.template.scala:30) ~[classes/:na]
	at views.html.main$.apply(main.template.scala:58) ~[classes/:na]
	at views.html.updateuser$.apply(updateuser.template.scala:30) ~[classes/:na]
	at views.html.main$.apply(main.template.scala:58) ~[classes/:na]
	at views.html.updateuser$.apply(updateuser.template.scala:30) ~[classes/:na]
	at views.html.main$.apply(main.template.scala:58) ~[classes/:na]
	at views.html.updateuser$.apply(updateuser.template.scala:30) ~[classes/:na]
	at views.html.main$.apply(main.template.scala:58) ~[classes/:na]
	at views.html.updateuser$.apply(updateuser.template.scala:30) ~[classes/:na]
	at views.html.main$.apply(main.template.scala:58) ~[classes/:na]
	at views.html.updateuser$.apply(updateuser.template.scala:30) ~[classes/:na]
	at views.html.main$.apply(main.template.scala:58) ~[classes/:na]
	at views.html.updateuser$.apply(updateuser.template.scala:30) ~[classes/:na]
	at views.html.main$.apply(main.template.scala:58) ~[classes/:na]
	at views.html.updateuser$.apply(updateuser.template.scala:30) ~[classes/:na]
	at views.html.main$.apply(main.template.scala:58) ~[classes/:na]
	at views.html.updateuser$.apply(updateuser.template.scala:30) ~[classes/:na]
	at views.html.main$.apply(main.template.scala:58) ~[classes/:na]
	at views.html.updateuser$.apply(updateuser.template.scala:30) ~[classes/:na]
	at views.html.main$.apply(main.template.scala:58) ~[classes/:na]
	at views.html.updateuser$.apply(updateuser.template.scala:30) ~[classes/:na]
	at views.html.main$.apply(main.template.scala:58) ~[classes/:na]
	at views.html.updateuser$.apply(updateuser.template.scala:30) ~[classes/:na]
	at views.html.main$.apply(main.template.scala:58) ~[classes/:na]
	at views.html.updateuser$.apply(updateuser.template.scala:30) ~[classes/:na]
	at views.html.main$.apply(main.template.scala:58) ~[classes/:na]
	at views.html.updateuser$.apply(updateuser.template.scala:30) ~[classes/:na]
	at views.html.main$.apply(main.template.scala:58) ~[classes/:na]
	at views.html.updateuser$.apply(updateuser.template.scala:30) ~[classes/:na]
	at views.html.main$.apply(main.template.scala:58) ~[classes/:na]
	at views.html.updateuser$.apply(updateuser.template.scala:30) ~[classes/:na]
	at views.html.main$.apply(main.template.scala:58) ~[classes/:na]
	at views.html.updateuser$.apply(updateuser.template.scala:30) ~[classes/:na]
	at views.html.main$.apply(main.template.scala:58) ~[classes/:na]
	at views.html.updateuser$.apply(updateuser.template.scala:30) ~[classes/:na]
	at views.html.main$.apply(main.template.scala:58) ~[classes/:na]
	at views.html.updateuser$.apply(updateuser.template.scala:30) ~[classes/:na]
	at views.html.main$.apply(main.template.scala:58) ~[classes/:na]
	at views.html.updateuser$.apply(updateuser.template.scala:30) ~[classes/:na]
	at views.html.main$.apply(main.template.scala:58) ~[classes/:na]
	at views.html.updateuser$.apply(updateuser.template.scala:30) ~[classes/:na]
	at views.html.main$.apply(main.template.scala:58) ~[classes/:na]
	at views.html.updateuser$.apply(updateuser.template.scala:30) ~[classes/:na]
	at views.html.main$.apply(main.template.scala:58) ~[classes/:na]
	at views.html.updateuser$.apply(updateuser.template.scala:30) ~[classes/:na]
	at views.html.main$.apply(main.template.scala:58) ~[classes/:na]
	at views.html.updateuser$.apply(updateuser.template.scala:30) ~[classes/:na]
	at views.html.main$.apply(main.template.scala:58) ~[classes/:na]
	at views.html.updateuser$.apply(updateuser.template.scala:30) ~[classes/:na]
	at views.html.main$.apply(main.template.scala:58) ~[classes/:na]
	at views.html.updateuser$.apply(updateuser.template.scala:30) ~[classes/:na]
	at views.html.main$.apply(main.template.scala:58) ~[classes/:na]
	at views.html.updateuser$.apply(updateuser.template.scala:30) ~[classes/:na]
	at views.html.main$.apply(main.template.scala:58) ~[classes/:na]
	at views.html.updateuser$.apply(updateuser.template.scala:30) ~[classes/:na]
	at views.html.main$.apply(main.template.scala:58) ~[classes/:na]
	at views.html.updateuser$.apply(updateuser.template.scala:30) ~[classes/:na]
	at views.html.main$.apply(main.template.scala:58) ~[classes/:na]
	at views.html.updateuser$.apply(updateuser.template.scala:30) ~[classes/:na]
	at views.html.main$.apply(main.template.scala:58) ~[classes/:na]
	at views.html.updateuser$.apply(updateuser.template.scala:30) ~[classes/:na]
	at views.html.main$.apply(main.template.scala:58) ~[classes/:na]
	at views.html.updateuser$.apply(updateuser.template.scala:30) ~[classes/:na]
	at views.html.main$.apply(main.template.scala:58) ~[classes/:na]
	at views.html.updateuser$.apply(updateuser.template.scala:30) ~[classes/:na]
	at views.html.main$.apply(main.template.scala:58) ~[classes/:na]

2016-04-06 14:32:12,466 - [INFO] - from play in play-internal-execution-context-1 
database [default] connected at jdbc:h2:mem:play

2016-04-06 14:32:12,664 - [INFO] - from play in play-internal-execution-context-1 
Application started (Dev)

2016-04-06 14:32:12,673 - [INFO] - from application in play-akka.actor.default-dispatcher-20 
Loading My Account Page...

2016-04-06 14:32:28,396 - [INFO] - from play in play-internal-execution-context-1 
database [default] connected at jdbc:h2:mem:play

2016-04-06 14:32:28,556 - [INFO] - from play in play-internal-execution-context-1 
Application started (Dev)

2016-04-06 14:32:28,563 - [INFO] - from application in play-akka.actor.default-dispatcher-25 
Loading My Account Page...

2016-04-06 14:34:08,226 - [ERROR] - from application in New I/O worker #2 


! @6pk13ooj3 - Internal server error, for (GET) [/myaccount] ->

play.PlayExceptions$CompilationException: Compilation error[missing arguments for method apply in object main;
follow this method with `_' if you want to treat it as a partially applied function]
	at play.PlayExceptions$CompilationException$.apply(PlayExceptions.scala:27) ~[na:na]
	at play.PlayExceptions$CompilationException$.apply(PlayExceptions.scala:27) ~[na:na]
	at scala.Option.map(Option.scala:145) ~[scala-library.jar:na]
	at play.PlayReloader$$anon$1$$anonfun$play$PlayReloader$$anon$$taskFailureHandler$1.apply(PlayReloader.scala:234) ~[na:na]
	at play.PlayReloader$$anon$1$$anonfun$play$PlayReloader$$anon$$taskFailureHandler$1.apply(PlayReloader.scala:229) ~[na:na]
	at scala.Option.map(Option.scala:145) ~[scala-library.jar:na]
	at play.PlayReloader$$anon$1.play$PlayReloader$$anon$$taskFailureHandler(PlayReloader.scala:229) ~[na:na]
	at play.PlayReloader$$anon$1$$anonfun$reload$2.apply(PlayReloader.scala:89) ~[na:na]
	at play.PlayReloader$$anon$1$$anonfun$reload$2.apply(PlayReloader.scala:89) ~[na:na]
	at scala.util.Either$LeftProjection.map(Either.scala:377) ~[scala-library.jar:na]
	at play.PlayReloader$$anon$1.reload(PlayReloader.scala:89) ~[na:na]
	at play.core.ReloadableApplication$$anonfun$get$1.apply(ApplicationProvider.scala:122) ~[play_2.10-2.3.4.jar:2.3.4]
	at play.core.ReloadableApplication$$anonfun$get$1.apply(ApplicationProvider.scala:120) ~[play_2.10-2.3.4.jar:2.3.4]
	at scala.concurrent.impl.Future$PromiseCompletingRunnable.liftedTree1$1(Future.scala:24) ~[scala-library.jar:na]
	at scala.concurrent.impl.Future$PromiseCompletingRunnable.run(Future.scala:24) ~[scala-library.jar:na]
	at scala.concurrent.forkjoin.ForkJoinTask$AdaptedRunnableAction.exec(ForkJoinTask.java:1361) ~[scala-library.jar:na]
	at scala.concurrent.forkjoin.ForkJoinTask.doExec(ForkJoinTask.java:260) ~[scala-library.jar:na]
	at scala.concurrent.forkjoin.ForkJoinPool$WorkQueue.runTask(ForkJoinPool.java:1339) ~[scala-library.jar:na]
	at scala.concurrent.forkjoin.ForkJoinPool.runWorker(ForkJoinPool.java:1979) ~[scala-library.jar:na]
	at scala.concurrent.forkjoin.ForkJoinWorkerThread.run(ForkJoinWorkerThread.java:107) ~[scala-library.jar:na]

2016-04-06 14:34:24,952 - [INFO] - from play in play-internal-execution-context-1 
database [default] connected at jdbc:h2:mem:play

2016-04-06 14:34:25,111 - [INFO] - from play in play-internal-execution-context-1 
Application started (Dev)

2016-04-06 14:34:25,118 - [INFO] - from application in play-akka.actor.default-dispatcher-22 
Loading My Account Page...

2016-04-06 14:35:06,122 - [INFO] - from play in play-internal-execution-context-1 
database [default] connected at jdbc:h2:mem:play

2016-04-06 14:35:06,278 - [INFO] - from play in play-internal-execution-context-1 
Application started (Dev)

2016-04-06 14:35:06,285 - [INFO] - from application in play-akka.actor.default-dispatcher-22 
Loading My Account Page...

2016-04-06 14:37:58,265 - [INFO] - from play in play-internal-execution-context-1 
database [default] connected at jdbc:h2:mem:play

2016-04-06 14:37:58,434 - [INFO] - from play in play-internal-execution-context-1 
Application started (Dev)

2016-04-06 14:37:58,442 - [INFO] - from application in play-akka.actor.default-dispatcher-28 
Loading My Account Page...

2016-04-06 14:38:22,975 - [INFO] - from play in play-internal-execution-context-1 
database [default] connected at jdbc:h2:mem:play

2016-04-06 14:38:23,137 - [INFO] - from play in play-internal-execution-context-1 
Application started (Dev)

2016-04-06 14:38:23,144 - [INFO] - from application in play-akka.actor.default-dispatcher-32 
Loading My Account Page...

2016-04-06 14:38:38,090 - [INFO] - from play in play-internal-execution-context-1 
database [default] connected at jdbc:h2:mem:play

2016-04-06 14:38:38,252 - [INFO] - from play in play-internal-execution-context-1 
Application started (Dev)

2016-04-06 14:38:38,260 - [INFO] - from application in play-akka.actor.default-dispatcher-35 
Loading My Account Page...

2016-04-06 14:38:39,580 - [INFO] - from application in play-akka.actor.default-dispatcher-35 
Submit Update Query...

2016-04-06 14:38:39,597 - [INFO] - from application in play-akka.actor.default-dispatcher-35 
Loading My Account Page...

2016-04-06 14:38:40,558 - [INFO] - from application in play-akka.actor.default-dispatcher-31 
Submit Update Query...

2016-04-06 14:38:40,566 - [INFO] - from application in play-akka.actor.default-dispatcher-31 
Loading My Account Page...

2016-04-06 14:38:50,604 - [INFO] - from play in play-internal-execution-context-1 
database [default] connected at jdbc:h2:mem:play

2016-04-06 14:38:50,767 - [INFO] - from play in play-internal-execution-context-1 
Application started (Dev)

2016-04-06 14:38:50,778 - [INFO] - from application in play-akka.actor.default-dispatcher-38 
Submit Update Query...

2016-04-06 14:38:50,800 - [INFO] - from application in play-akka.actor.default-dispatcher-36 
Loading My Account Page...

2016-04-06 14:38:54,543 - [INFO] - from application in play-akka.actor.default-dispatcher-38 
Loading Index Page...

2016-04-06 14:38:55,884 - [INFO] - from application in play-akka.actor.default-dispatcher-36 
Loading My Account Page...

2016-04-06 14:38:56,956 - [INFO] - from application in play-akka.actor.default-dispatcher-35 
Loading Index Page...

2016-04-06 14:38:58,299 - [INFO] - from application in play-akka.actor.default-dispatcher-35 
Loading Login Page...

2016-04-06 14:39:03,717 - [INFO] - from application in play-akka.actor.default-dispatcher-36 
Submit Login Query...

2016-04-06 14:39:03,728 - [INFO] - from application in play-akka.actor.default-dispatcher-36 
Loading Login Page...

2016-04-06 14:39:36,920 - [INFO] - from application in play-akka.actor.default-dispatcher-39 
Submit Login Query...

2016-04-06 14:39:36,936 - [INFO] - from application in play-akka.actor.default-dispatcher-39 
Loading Login Page...

2016-04-06 14:40:01,169 - [INFO] - from application in play-akka.actor.default-dispatcher-40 
Loading Register Page...

2016-04-06 14:40:12,095 - [INFO] - from application in play-akka.actor.default-dispatcher-45 
Submit Register Query...

2016-04-06 14:40:12,108 - [INFO] - from application in play-akka.actor.default-dispatcher-45 
Loading Index Page...

2016-04-06 14:40:13,945 - [INFO] - from application in play-akka.actor.default-dispatcher-32 
Loading Login Page...

2016-04-06 14:40:18,860 - [INFO] - from application in play-akka.actor.default-dispatcher-45 
Submit Login Query...

2016-04-06 14:40:18,877 - [INFO] - from application in play-akka.actor.default-dispatcher-45 
Loading Index Page...

2016-04-06 14:40:20,890 - [INFO] - from application in play-akka.actor.default-dispatcher-32 
Loading My Account Page...

2016-04-06 14:41:27,652 - [INFO] - from play in play-internal-execution-context-1 
database [default] connected at jdbc:h2:mem:play

2016-04-06 14:41:27,814 - [INFO] - from play in play-internal-execution-context-1 
Application started (Dev)

2016-04-06 14:41:27,823 - [INFO] - from application in play-akka.actor.default-dispatcher-45 
Loading My Account Page...

2016-04-06 14:41:42,220 - [INFO] - from play in play-internal-execution-context-1 
database [default] connected at jdbc:h2:mem:play

2016-04-06 14:41:42,379 - [INFO] - from play in play-internal-execution-context-1 
Application started (Dev)

2016-04-06 14:41:42,388 - [INFO] - from application in play-akka.actor.default-dispatcher-49 
Loading My Account Page...

2016-04-06 14:43:48,352 - [INFO] - from play in play-internal-execution-context-1 
database [default] connected at jdbc:h2:mem:play

2016-04-06 14:43:48,559 - [INFO] - from play in play-internal-execution-context-1 
Application started (Dev)

2016-04-06 14:43:48,570 - [INFO] - from application in play-akka.actor.default-dispatcher-52 
Loading My Account Page...

2016-04-06 14:44:34,136 - [INFO] - from play in play-internal-execution-context-1 
database [default] connected at jdbc:h2:mem:play

2016-04-06 14:44:34,348 - [INFO] - from play in play-internal-execution-context-1 
Application started (Dev)

2016-04-06 14:44:34,366 - [INFO] - from application in play-akka.actor.default-dispatcher-59 
Loading My Account Page...

2016-04-06 14:44:44,691 - [INFO] - from play in play-internal-execution-context-1 
database [default] connected at jdbc:h2:mem:play

2016-04-06 14:44:44,859 - [INFO] - from play in play-internal-execution-context-1 
Application started (Dev)

2016-04-06 14:44:44,867 - [INFO] - from application in play-akka.actor.default-dispatcher-59 
Loading My Account Page...

2016-04-06 14:45:20,655 - [INFO] - from play in play-internal-execution-context-1 
database [default] connected at jdbc:h2:mem:play

2016-04-06 14:45:20,817 - [INFO] - from play in play-internal-execution-context-1 
Application started (Dev)

2016-04-06 14:45:23,819 - [INFO] - from application in play-akka.actor.default-dispatcher-68 
Loading My Account Page...

2016-04-06 14:45:28,125 - [INFO] - from application in play-akka.actor.default-dispatcher-68 
Loading My Account Page...

2016-04-06 14:47:55,055 - [INFO] - from application in play-akka.actor.default-dispatcher-67 
Loading Index Page...

2016-04-06 14:50:14,589 - [INFO] - from play in play-internal-execution-context-1 
database [default] connected at jdbc:h2:mem:play

2016-04-06 14:50:14,748 - [INFO] - from play in play-internal-execution-context-1 
Application started (Dev)

2016-04-06 14:50:14,757 - [INFO] - from application in play-akka.actor.default-dispatcher-71 
Loading My Account Page...

2016-04-06 14:51:02,392 - [INFO] - from play in play-internal-execution-context-7 
database [default] connected at jdbc:h2:mem:play

2016-04-06 14:51:02,554 - [INFO] - from play in play-internal-execution-context-7 
Application started (Dev)

2016-04-06 14:51:05,436 - [INFO] - from application in play-akka.actor.default-dispatcher-82 
Loading Index Page...

2016-04-06 14:51:06,632 - [INFO] - from application in play-akka.actor.default-dispatcher-82 
Loading My Account Page...

2016-04-06 14:51:09,313 - [INFO] - from application in play-akka.actor.default-dispatcher-88 
Loading Index Page...

2016-04-06 14:51:10,658 - [INFO] - from application in play-akka.actor.default-dispatcher-85 
Loading My Account Page...

